2023-10-11T10:22:52.899+09:00  INFO 864 --- [restartedMain] kr.ch12.Ch12Application                  : Starting Ch12Application using Java 17.0.8.1 with PID 864 (C:\Users\Java.DESKTOP-6PB29LQ\Desktop\workspace\Spring\Ch12\bin\main started by Java in C:\Users\Java.DESKTOP-6PB29LQ\Desktop\workspace\Spring\Ch12)
2023-10-11T10:22:52.901+09:00  INFO 864 --- [restartedMain] kr.ch12.Ch12Application                  : No active profile set, falling back to 1 default profile: "default"
2023-10-11T10:22:52.932+09:00  INFO 864 --- [restartedMain] .e.DevToolsPropertyDefaultsPostProcessor : Devtools property defaults active! Set 'spring.devtools.add-properties' to 'false' to disable
2023-10-11T10:22:52.933+09:00  INFO 864 --- [restartedMain] .e.DevToolsPropertyDefaultsPostProcessor : For additional web related logging consider setting the 'logging.level.web' property to 'DEBUG'
2023-10-11T10:22:53.204+09:00  INFO 864 --- [restartedMain] .s.d.r.c.RepositoryConfigurationDelegate : Bootstrapping Spring Data JDBC repositories in DEFAULT mode.
2023-10-11T10:22:53.212+09:00  INFO 864 --- [restartedMain] .s.d.r.c.RepositoryConfigurationDelegate : Finished Spring Data repository scanning in 6 ms. Found 0 JDBC repository interfaces.
2023-10-11T10:22:53.515+09:00  INFO 864 --- [restartedMain] o.s.b.w.embedded.tomcat.TomcatWebServer  : Tomcat initialized with port(s): 8080 (http)
2023-10-11T10:22:53.521+09:00  INFO 864 --- [restartedMain] o.apache.catalina.core.StandardService   : Starting service [Tomcat]
2023-10-11T10:22:53.521+09:00  INFO 864 --- [restartedMain] o.apache.catalina.core.StandardEngine    : Starting Servlet engine: [Apache Tomcat/10.1.13]
2023-10-11T10:22:53.557+09:00  INFO 864 --- [restartedMain] o.a.c.c.C.[Tomcat].[localhost].[/]       : Initializing Spring embedded WebApplicationContext
2023-10-11T10:22:53.557+09:00  INFO 864 --- [restartedMain] w.s.c.ServletWebServerApplicationContext : Root WebApplicationContext: initialization completed in 624 ms
2023-10-11T10:22:53.695+09:00  INFO 864 --- [restartedMain] o.s.b.a.w.s.WelcomePageHandlerMapping    : Adding welcome page template: index
2023-10-11T10:22:53.788+09:00  INFO 864 --- [restartedMain] com.zaxxer.hikari.HikariDataSource       : HikariPool-1 - Starting...
2023-10-11T10:22:53.978+09:00  INFO 864 --- [restartedMain] com.zaxxer.hikari.pool.HikariPool        : HikariPool-1 - Added connection com.mysql.cj.jdbc.ConnectionImpl@1f746676
2023-10-11T10:22:53.980+09:00  INFO 864 --- [restartedMain] com.zaxxer.hikari.HikariDataSource       : HikariPool-1 - Start completed.
2023-10-11T10:22:54.034+09:00 DEBUG 864 --- [restartedMain] swordEncoderAuthenticationManagerBuilder : No authenticationProviders and no parentAuthenticationManager defined. Returning null.
2023-10-11T10:22:54.086+09:00  INFO 864 --- [restartedMain] o.s.s.web.DefaultSecurityFilterChain     : Will secure any request with [org.springframework.security.web.session.DisableEncodeUrlFilter@7f7a9460, org.springframework.security.web.context.request.async.WebAsyncManagerIntegrationFilter@c283f16, org.springframework.security.web.context.SecurityContextHolderFilter@383cce14, org.springframework.security.web.header.HeaderWriterFilter@73ee3d0c, org.springframework.security.web.csrf.CsrfFilter@4b83bbce, org.springframework.security.web.authentication.logout.LogoutFilter@5d0dbcd0, org.springframework.security.oauth2.client.web.OAuth2AuthorizationRequestRedirectFilter@4a8201d2, org.springframework.security.oauth2.client.web.OAuth2AuthorizationRequestRedirectFilter@7fdf9678, org.springframework.security.oauth2.client.web.OAuth2LoginAuthenticationFilter@4065adc7, org.springframework.security.web.authentication.ui.DefaultLoginPageGeneratingFilter@54ea7665, org.springframework.security.web.authentication.ui.DefaultLogoutPageGeneratingFilter@52374af, org.springframework.security.web.savedrequest.RequestCacheAwareFilter@386c3f6c, org.springframework.security.web.servletapi.SecurityContextHolderAwareRequestFilter@5a62fde4, org.springframework.security.web.authentication.AnonymousAuthenticationFilter@6a896791, org.springframework.security.oauth2.client.web.OAuth2AuthorizationCodeGrantFilter@1c8de59c, org.springframework.security.web.access.ExceptionTranslationFilter@4dcc10f9, org.springframework.security.web.access.intercept.AuthorizationFilter@49189b4b]
2023-10-11T10:22:54.111+09:00  INFO 864 --- [restartedMain] o.s.b.d.a.OptionalLiveReloadServer       : LiveReload server is running on port 35729
2023-10-11T10:22:54.136+09:00  INFO 864 --- [restartedMain] o.s.b.w.embedded.tomcat.TomcatWebServer  : Tomcat started on port(s): 8080 (http) with context path ''
2023-10-11T10:22:54.143+09:00  INFO 864 --- [restartedMain] kr.ch12.Ch12Application                  : Started Ch12Application in 1.434 seconds (process running for 1.781)
2023-10-11T10:23:52.630+09:00  INFO 864 --- [http-nio-8080-exec-2] o.a.c.c.C.[Tomcat].[localhost].[/]       : Initializing Spring DispatcherServlet 'dispatcherServlet'
2023-10-11T10:23:52.631+09:00  INFO 864 --- [http-nio-8080-exec-2] o.s.web.servlet.DispatcherServlet        : Initializing Servlet 'dispatcherServlet'
2023-10-11T10:23:52.631+09:00  INFO 864 --- [http-nio-8080-exec-2] o.s.web.servlet.DispatcherServlet        : Completed initialization in 0 ms
2023-10-11T10:23:52.635+09:00 DEBUG 864 --- [http-nio-8080-exec-2] o.s.security.web.FilterChainProxy        : Securing GET /
2023-10-11T10:23:52.640+09:00 DEBUG 864 --- [http-nio-8080-exec-2] o.s.s.w.a.AnonymousAuthenticationFilter  : Set SecurityContextHolder to anonymous SecurityContext
2023-10-11T10:23:52.651+09:00 DEBUG 864 --- [http-nio-8080-exec-2] o.s.s.w.s.HttpSessionRequestCache        : Saved request http://localhost:8080/?continue to session
2023-10-11T10:23:52.652+09:00 DEBUG 864 --- [http-nio-8080-exec-2] s.w.a.DelegatingAuthenticationEntryPoint : Trying to match using And [Not [RequestHeaderRequestMatcher [expectedHeaderName=X-Requested-With, expectedHeaderValue=XMLHttpRequest]], Not [And [Or [Ant [pattern='/login'], Ant [pattern='/favicon.ico']], And [Not [RequestHeaderRequestMatcher [expectedHeaderName=X-Requested-With, expectedHeaderValue=XMLHttpRequest]], MediaTypeRequestMatcher [contentNegotiationStrategy=org.springframework.web.accept.ContentNegotiationManager@5f5a79ea, matchingMediaTypes=[application/xhtml+xml, image/*, text/html, text/plain], useEquals=false, ignoredMediaTypes=[*/*]]]]], org.springframework.security.config.annotation.web.configurers.oauth2.client.OAuth2LoginConfigurer$$Lambda$994/0x00000008005db6c0@10a669cd]
2023-10-11T10:23:52.652+09:00 DEBUG 864 --- [http-nio-8080-exec-2] s.w.a.DelegatingAuthenticationEntryPoint : Match found! Executing org.springframework.security.web.authentication.LoginUrlAuthenticationEntryPoint@745c3013
2023-10-11T10:23:52.653+09:00 DEBUG 864 --- [http-nio-8080-exec-2] o.s.s.web.DefaultRedirectStrategy        : Redirecting to http://localhost:8080/oauth2/authorization/kakao
2023-10-11T10:23:52.656+09:00 DEBUG 864 --- [http-nio-8080-exec-3] o.s.security.web.FilterChainProxy        : Securing GET /oauth2/authorization/kakao
2023-10-11T10:23:52.663+09:00 DEBUG 864 --- [http-nio-8080-exec-3] o.s.s.web.DefaultRedirectStrategy        : Redirecting to https://kauth.kakao.com/oauth/authorize?response_type=code&client_id=d0c2ef1a55e0e85e5c4daefb863c4b1c&scope=profile_nickname%20account_email&state=8JZAhQrATuTTyX25RUHayLehEBWxuoqy0hcYyaknwgs%3D&redirect_uri=http://localhost:8080/login/oauth2/code/kakao
2023-10-11T10:24:06.214+09:00 DEBUG 864 --- [http-nio-8080-exec-1] o.s.security.web.FilterChainProxy        : Securing GET /login
2023-10-11T10:24:06.452+09:00 DEBUG 864 --- [http-nio-8080-exec-5] o.s.security.web.FilterChainProxy        : Securing GET /favicon.ico
2023-10-11T10:24:06.452+09:00 DEBUG 864 --- [http-nio-8080-exec-5] o.s.s.w.a.AnonymousAuthenticationFilter  : Set SecurityContextHolder to anonymous SecurityContext
2023-10-11T10:24:06.453+09:00 DEBUG 864 --- [http-nio-8080-exec-5] s.w.a.DelegatingAuthenticationEntryPoint : Trying to match using And [Not [RequestHeaderRequestMatcher [expectedHeaderName=X-Requested-With, expectedHeaderValue=XMLHttpRequest]], Not [And [Or [Ant [pattern='/login'], Ant [pattern='/favicon.ico']], And [Not [RequestHeaderRequestMatcher [expectedHeaderName=X-Requested-With, expectedHeaderValue=XMLHttpRequest]], MediaTypeRequestMatcher [contentNegotiationStrategy=org.springframework.web.accept.ContentNegotiationManager@5f5a79ea, matchingMediaTypes=[application/xhtml+xml, image/*, text/html, text/plain], useEquals=false, ignoredMediaTypes=[*/*]]]]], org.springframework.security.config.annotation.web.configurers.oauth2.client.OAuth2LoginConfigurer$$Lambda$994/0x00000008005db6c0@10a669cd]
2023-10-11T10:24:06.453+09:00 DEBUG 864 --- [http-nio-8080-exec-5] s.w.a.DelegatingAuthenticationEntryPoint : No match found. Using default entry point org.springframework.security.web.authentication.LoginUrlAuthenticationEntryPoint@1aae513
2023-10-11T10:24:06.454+09:00 DEBUG 864 --- [http-nio-8080-exec-5] o.s.s.web.DefaultRedirectStrategy        : Redirecting to http://localhost:8080/login
2023-10-11T10:24:06.456+09:00 DEBUG 864 --- [http-nio-8080-exec-6] o.s.security.web.FilterChainProxy        : Securing GET /login
2023-10-11T10:24:18.040+09:00 DEBUG 864 --- [http-nio-8080-exec-4] o.s.security.web.FilterChainProxy        : Securing GET /
2023-10-11T10:24:18.041+09:00 DEBUG 864 --- [http-nio-8080-exec-4] o.s.s.w.a.AnonymousAuthenticationFilter  : Set SecurityContextHolder to anonymous SecurityContext
2023-10-11T10:24:18.043+09:00 DEBUG 864 --- [http-nio-8080-exec-4] o.s.s.w.s.HttpSessionRequestCache        : Saved request http://localhost:8080/?continue to session
2023-10-11T10:24:18.043+09:00 DEBUG 864 --- [http-nio-8080-exec-4] s.w.a.DelegatingAuthenticationEntryPoint : Trying to match using And [Not [RequestHeaderRequestMatcher [expectedHeaderName=X-Requested-With, expectedHeaderValue=XMLHttpRequest]], Not [And [Or [Ant [pattern='/login'], Ant [pattern='/favicon.ico']], And [Not [RequestHeaderRequestMatcher [expectedHeaderName=X-Requested-With, expectedHeaderValue=XMLHttpRequest]], MediaTypeRequestMatcher [contentNegotiationStrategy=org.springframework.web.accept.ContentNegotiationManager@5f5a79ea, matchingMediaTypes=[application/xhtml+xml, image/*, text/html, text/plain], useEquals=false, ignoredMediaTypes=[*/*]]]]], org.springframework.security.config.annotation.web.configurers.oauth2.client.OAuth2LoginConfigurer$$Lambda$994/0x00000008005db6c0@10a669cd]
2023-10-11T10:24:18.044+09:00 DEBUG 864 --- [http-nio-8080-exec-4] s.w.a.DelegatingAuthenticationEntryPoint : Match found! Executing org.springframework.security.web.authentication.LoginUrlAuthenticationEntryPoint@745c3013
2023-10-11T10:24:18.044+09:00 DEBUG 864 --- [http-nio-8080-exec-4] o.s.s.web.DefaultRedirectStrategy        : Redirecting to http://localhost:8080/oauth2/authorization/kakao
2023-10-11T10:24:18.046+09:00 DEBUG 864 --- [http-nio-8080-exec-8] o.s.security.web.FilterChainProxy        : Securing GET /oauth2/authorization/kakao
2023-10-11T10:24:18.047+09:00 DEBUG 864 --- [http-nio-8080-exec-8] o.s.s.web.DefaultRedirectStrategy        : Redirecting to https://kauth.kakao.com/oauth/authorize?response_type=code&client_id=d0c2ef1a55e0e85e5c4daefb863c4b1c&scope=profile_nickname%20account_email&state=v65LIrneJgLBxZIx8irn1L36p2RCWudCWUGuo5o0Pyg%3D&redirect_uri=http://localhost:8080/login/oauth2/code/kakao
2023-10-11T10:24:26.238+09:00 DEBUG 864 --- [http-nio-8080-exec-7] o.s.security.web.FilterChainProxy        : Securing GET /
2023-10-11T10:24:26.239+09:00 DEBUG 864 --- [http-nio-8080-exec-7] o.s.s.w.a.AnonymousAuthenticationFilter  : Set SecurityContextHolder to anonymous SecurityContext
2023-10-11T10:24:26.241+09:00 DEBUG 864 --- [http-nio-8080-exec-7] o.s.s.w.s.HttpSessionRequestCache        : Saved request http://localhost:8080/?continue to session
2023-10-11T10:24:26.242+09:00 DEBUG 864 --- [http-nio-8080-exec-7] s.w.a.DelegatingAuthenticationEntryPoint : Trying to match using And [Not [RequestHeaderRequestMatcher [expectedHeaderName=X-Requested-With, expectedHeaderValue=XMLHttpRequest]], Not [And [Or [Ant [pattern='/login'], Ant [pattern='/favicon.ico']], And [Not [RequestHeaderRequestMatcher [expectedHeaderName=X-Requested-With, expectedHeaderValue=XMLHttpRequest]], MediaTypeRequestMatcher [contentNegotiationStrategy=org.springframework.web.accept.ContentNegotiationManager@5f5a79ea, matchingMediaTypes=[application/xhtml+xml, image/*, text/html, text/plain], useEquals=false, ignoredMediaTypes=[*/*]]]]], org.springframework.security.config.annotation.web.configurers.oauth2.client.OAuth2LoginConfigurer$$Lambda$994/0x00000008005db6c0@10a669cd]
2023-10-11T10:24:26.242+09:00 DEBUG 864 --- [http-nio-8080-exec-7] s.w.a.DelegatingAuthenticationEntryPoint : Match found! Executing org.springframework.security.web.authentication.LoginUrlAuthenticationEntryPoint@745c3013
2023-10-11T10:24:26.243+09:00 DEBUG 864 --- [http-nio-8080-exec-7] o.s.s.web.DefaultRedirectStrategy        : Redirecting to http://localhost:8080/oauth2/authorization/kakao
2023-10-11T10:24:26.245+09:00 DEBUG 864 --- [http-nio-8080-exec-9] o.s.security.web.FilterChainProxy        : Securing GET /oauth2/authorization/kakao
2023-10-11T10:24:26.246+09:00 DEBUG 864 --- [http-nio-8080-exec-9] o.s.s.web.DefaultRedirectStrategy        : Redirecting to https://kauth.kakao.com/oauth/authorize?response_type=code&client_id=d0c2ef1a55e0e85e5c4daefb863c4b1c&scope=profile_nickname%20account_email&state=COdS23pWva41kkT7Wn2W5mOicHwr_r-o6ICX5KAS_8Y%3D&redirect_uri=http://localhost:8080/login/oauth2/code/kakao
2023-10-11T10:25:09.677+09:00  INFO 864 --- [File Watcher] rtingClassPathChangeChangedEventListener : Restarting due to 5 class path changes (3 additions, 0 deletions, 2 modifications)
2023-10-11T10:25:09.684+09:00  INFO 864 --- [Thread-5] o.apache.catalina.core.StandardService   : Stopping service [Tomcat]
2023-10-11T10:25:09.685+09:00  INFO 864 --- [Thread-5] o.a.c.c.C.[Tomcat].[localhost].[/]       : Destroying Spring FrameworkServlet 'dispatcherServlet'
2023-10-11T10:25:09.702+09:00  INFO 864 --- [Thread-5] com.zaxxer.hikari.HikariDataSource       : HikariPool-1 - Shutdown initiated...
2023-10-11T10:25:09.709+09:00  INFO 864 --- [Thread-5] com.zaxxer.hikari.HikariDataSource       : HikariPool-1 - Shutdown completed.
2023-10-11T10:25:09.739+09:00  INFO 864 --- [restartedMain] kr.ch12.Ch12Application                  : Starting Ch12Application using Java 17.0.8.1 with PID 864 (C:\Users\Java.DESKTOP-6PB29LQ\Desktop\workspace\Spring\Ch12\bin\main started by Java in C:\Users\Java.DESKTOP-6PB29LQ\Desktop\workspace\Spring\Ch12)
2023-10-11T10:25:09.740+09:00  INFO 864 --- [restartedMain] kr.ch12.Ch12Application                  : No active profile set, falling back to 1 default profile: "default"
2023-10-11T10:25:09.807+09:00  INFO 864 --- [restartedMain] .s.d.r.c.RepositoryConfigurationDelegate : Bootstrapping Spring Data JDBC repositories in DEFAULT mode.
2023-10-11T10:25:09.808+09:00  INFO 864 --- [restartedMain] .s.d.r.c.RepositoryConfigurationDelegate : Finished Spring Data repository scanning in 1 ms. Found 0 JDBC repository interfaces.
2023-10-11T10:25:09.849+09:00  INFO 864 --- [restartedMain] o.s.b.w.embedded.tomcat.TomcatWebServer  : Tomcat initialized with port(s): 8080 (http)
2023-10-11T10:25:09.849+09:00  INFO 864 --- [restartedMain] o.apache.catalina.core.StandardService   : Starting service [Tomcat]
2023-10-11T10:25:09.850+09:00  INFO 864 --- [restartedMain] o.apache.catalina.core.StandardEngine    : Starting Servlet engine: [Apache Tomcat/10.1.13]
2023-10-11T10:25:09.857+09:00  INFO 864 --- [restartedMain] o.a.c.c.C.[Tomcat].[localhost].[/]       : Initializing Spring embedded WebApplicationContext
2023-10-11T10:25:09.857+09:00  INFO 864 --- [restartedMain] w.s.c.ServletWebServerApplicationContext : Root WebApplicationContext: initialization completed in 116 ms
2023-10-11T10:25:09.864+09:00  WARN 864 --- [restartedMain] ConfigServletWebServerApplicationContext : Exception encountered during context initialization - cancelling refresh attempt: org.springframework.beans.factory.BeanCreationException: Error creating bean with name 'securityConfiguration' defined in file [C:\Users\Java.DESKTOP-6PB29LQ\Desktop\workspace\Spring\Ch12\bin\main\kr\ch12\security\SecurityConfiguration.class]: Failed to instantiate [kr.ch12.security.SecurityConfiguration$$SpringCGLIB$$0]: Constructor threw exception
2023-10-11T10:25:09.864+09:00  INFO 864 --- [restartedMain] o.apache.catalina.core.StandardService   : Stopping service [Tomcat]
2023-10-11T10:25:09.868+09:00  INFO 864 --- [restartedMain] .s.b.a.l.ConditionEvaluationReportLogger : 

Error starting ApplicationContext. To display the condition evaluation report re-run your application with 'debug' enabled.
2023-10-11T10:25:09.879+09:00 ERROR 864 --- [restartedMain] o.s.boot.SpringApplication               : Application run failed

org.springframework.beans.factory.BeanCreationException: Error creating bean with name 'securityConfiguration' defined in file [C:\Users\Java.DESKTOP-6PB29LQ\Desktop\workspace\Spring\Ch12\bin\main\kr\ch12\security\SecurityConfiguration.class]: Failed to instantiate [kr.ch12.security.SecurityConfiguration$$SpringCGLIB$$0]: Constructor threw exception
	at org.springframework.beans.factory.support.AbstractAutowireCapableBeanFactory.instantiateBean(AbstractAutowireCapableBeanFactory.java:1314) ~[spring-beans-6.0.12.jar:6.0.12]
	at org.springframework.beans.factory.support.AbstractAutowireCapableBeanFactory.createBeanInstance(AbstractAutowireCapableBeanFactory.java:1199) ~[spring-beans-6.0.12.jar:6.0.12]
	at org.springframework.beans.factory.support.AbstractAutowireCapableBeanFactory.doCreateBean(AbstractAutowireCapableBeanFactory.java:560) ~[spring-beans-6.0.12.jar:6.0.12]
	at org.springframework.beans.factory.support.AbstractAutowireCapableBeanFactory.createBean(AbstractAutowireCapableBeanFactory.java:520) ~[spring-beans-6.0.12.jar:6.0.12]
	at org.springframework.beans.factory.support.AbstractBeanFactory.lambda$doGetBean$0(AbstractBeanFactory.java:325) ~[spring-beans-6.0.12.jar:6.0.12]
	at org.springframework.beans.factory.support.DefaultSingletonBeanRegistry.getSingleton(DefaultSingletonBeanRegistry.java:234) ~[spring-beans-6.0.12.jar:6.0.12]
	at org.springframework.beans.factory.support.AbstractBeanFactory.doGetBean(AbstractBeanFactory.java:323) ~[spring-beans-6.0.12.jar:6.0.12]
	at org.springframework.beans.factory.support.AbstractBeanFactory.getBean(AbstractBeanFactory.java:199) ~[spring-beans-6.0.12.jar:6.0.12]
	at org.springframework.beans.factory.support.DefaultListableBeanFactory.preInstantiateSingletons(DefaultListableBeanFactory.java:973) ~[spring-beans-6.0.12.jar:6.0.12]
	at org.springframework.context.support.AbstractApplicationContext.finishBeanFactoryInitialization(AbstractApplicationContext.java:942) ~[spring-context-6.0.12.jar:6.0.12]
	at org.springframework.context.support.AbstractApplicationContext.refresh(AbstractApplicationContext.java:608) ~[spring-context-6.0.12.jar:6.0.12]
	at org.springframework.boot.web.servlet.context.ServletWebServerApplicationContext.refresh(ServletWebServerApplicationContext.java:146) ~[spring-boot-3.1.4.jar:3.1.4]
	at org.springframework.boot.SpringApplication.refresh(SpringApplication.java:737) ~[spring-boot-3.1.4.jar:3.1.4]
	at org.springframework.boot.SpringApplication.refreshContext(SpringApplication.java:439) ~[spring-boot-3.1.4.jar:3.1.4]
	at org.springframework.boot.SpringApplication.run(SpringApplication.java:315) ~[spring-boot-3.1.4.jar:3.1.4]
	at org.springframework.boot.SpringApplication.run(SpringApplication.java:1309) ~[spring-boot-3.1.4.jar:3.1.4]
	at org.springframework.boot.SpringApplication.run(SpringApplication.java:1298) ~[spring-boot-3.1.4.jar:3.1.4]
	at kr.ch12.Ch12Application.main(Ch12Application.java:10) ~[main/:na]
	at java.base/jdk.internal.reflect.NativeMethodAccessorImpl.invoke0(Native Method) ~[na:na]
	at java.base/jdk.internal.reflect.NativeMethodAccessorImpl.invoke(NativeMethodAccessorImpl.java:77) ~[na:na]
	at java.base/jdk.internal.reflect.DelegatingMethodAccessorImpl.invoke(DelegatingMethodAccessorImpl.java:43) ~[na:na]
	at java.base/java.lang.reflect.Method.invoke(Method.java:568) ~[na:na]
	at org.springframework.boot.devtools.restart.RestartLauncher.run(RestartLauncher.java:50) ~[spring-boot-devtools-3.1.4.jar:3.1.4]
Caused by: org.springframework.beans.BeanInstantiationException: Failed to instantiate [kr.ch12.security.SecurityConfiguration$$SpringCGLIB$$0]: Constructor threw exception
	at org.springframework.beans.BeanUtils.instantiateClass(BeanUtils.java:224) ~[spring-beans-6.0.12.jar:6.0.12]
	at org.springframework.beans.factory.support.SimpleInstantiationStrategy.instantiate(SimpleInstantiationStrategy.java:87) ~[spring-beans-6.0.12.jar:6.0.12]
	at org.springframework.beans.factory.support.AbstractAutowireCapableBeanFactory.instantiateBean(AbstractAutowireCapableBeanFactory.java:1308) ~[spring-beans-6.0.12.jar:6.0.12]
	... 22 common frames omitted
Caused by: java.lang.Error: Unresolved compilation problems: 
	The import kr.ch11 cannot be resolved
	The import kr.ch11 cannot be resolved
	JwtProvider cannot be resolved to a type
	The method addFilterBefore(Filter, Class<? extends Filter>) in the type HttpSecurity is not applicable for the arguments (JwtAuthenticationFilter, Class<UsernamePasswordAuthenticationFilter>)
	JwtAuthenticationFilter cannot be resolved to a type
	JwtProvider cannot be resolved to a type

	at kr.ch12.security.SecurityConfiguration.<init>(SecurityConfiguration.java:20) ~[main/:na]
	at kr.ch12.security.SecurityConfiguration$$SpringCGLIB$$0.<init>(<generated>) ~[main/:na]
	at java.base/jdk.internal.reflect.NativeConstructorAccessorImpl.newInstance0(Native Method) ~[na:na]
	at java.base/jdk.internal.reflect.NativeConstructorAccessorImpl.newInstance(NativeConstructorAccessorImpl.java:77) ~[na:na]
	at java.base/jdk.internal.reflect.DelegatingConstructorAccessorImpl.newInstance(DelegatingConstructorAccessorImpl.java:45) ~[na:na]
	at java.base/java.lang.reflect.Constructor.newInstanceWithCaller(Constructor.java:499) ~[na:na]
	at java.base/java.lang.reflect.Constructor.newInstance(Constructor.java:480) ~[na:na]
	at org.springframework.beans.BeanUtils.instantiateClass(BeanUtils.java:198) ~[spring-beans-6.0.12.jar:6.0.12]
	... 24 common frames omitted

2023-10-11T10:25:28.620+09:00  INFO 864 --- [restartedMain] kr.ch12.Ch12Application                  : Starting Ch12Application using Java 17.0.8.1 with PID 864 (C:\Users\Java.DESKTOP-6PB29LQ\Desktop\workspace\Spring\Ch12\bin\main started by Java in C:\Users\Java.DESKTOP-6PB29LQ\Desktop\workspace\Spring\Ch12)
2023-10-11T10:25:28.620+09:00  INFO 864 --- [restartedMain] kr.ch12.Ch12Application                  : No active profile set, falling back to 1 default profile: "default"
2023-10-11T10:25:28.681+09:00  INFO 864 --- [restartedMain] .s.d.r.c.RepositoryConfigurationDelegate : Bootstrapping Spring Data JDBC repositories in DEFAULT mode.
2023-10-11T10:25:28.683+09:00  INFO 864 --- [restartedMain] .s.d.r.c.RepositoryConfigurationDelegate : Finished Spring Data repository scanning in 1 ms. Found 0 JDBC repository interfaces.
2023-10-11T10:25:28.717+09:00  INFO 864 --- [restartedMain] o.s.b.w.embedded.tomcat.TomcatWebServer  : Tomcat initialized with port(s): 8080 (http)
2023-10-11T10:25:28.717+09:00  INFO 864 --- [restartedMain] o.apache.catalina.core.StandardService   : Starting service [Tomcat]
2023-10-11T10:25:28.717+09:00  INFO 864 --- [restartedMain] o.apache.catalina.core.StandardEngine    : Starting Servlet engine: [Apache Tomcat/10.1.13]
2023-10-11T10:25:28.725+09:00  INFO 864 --- [restartedMain] o.a.c.c.C.[Tomcat-1].[localhost].[/]     : Initializing Spring embedded WebApplicationContext
2023-10-11T10:25:28.725+09:00  INFO 864 --- [restartedMain] w.s.c.ServletWebServerApplicationContext : Root WebApplicationContext: initialization completed in 104 ms
2023-10-11T10:25:28.731+09:00  WARN 864 --- [restartedMain] ConfigServletWebServerApplicationContext : Exception encountered during context initialization - cancelling refresh attempt: org.springframework.beans.factory.BeanCreationException: Error creating bean with name 'securityConfiguration' defined in file [C:\Users\Java.DESKTOP-6PB29LQ\Desktop\workspace\Spring\Ch12\bin\main\kr\ch12\security\SecurityConfiguration.class]: Failed to instantiate [kr.ch12.security.SecurityConfiguration$$SpringCGLIB$$0]: Constructor threw exception
2023-10-11T10:25:28.731+09:00  INFO 864 --- [restartedMain] o.apache.catalina.core.StandardService   : Stopping service [Tomcat]
2023-10-11T10:25:28.734+09:00  INFO 864 --- [restartedMain] .s.b.a.l.ConditionEvaluationReportLogger : 

Error starting ApplicationContext. To display the condition evaluation report re-run your application with 'debug' enabled.
2023-10-11T10:25:28.735+09:00 ERROR 864 --- [restartedMain] o.s.boot.SpringApplication               : Application run failed

org.springframework.beans.factory.BeanCreationException: Error creating bean with name 'securityConfiguration' defined in file [C:\Users\Java.DESKTOP-6PB29LQ\Desktop\workspace\Spring\Ch12\bin\main\kr\ch12\security\SecurityConfiguration.class]: Failed to instantiate [kr.ch12.security.SecurityConfiguration$$SpringCGLIB$$0]: Constructor threw exception
	at org.springframework.beans.factory.support.AbstractAutowireCapableBeanFactory.instantiateBean(AbstractAutowireCapableBeanFactory.java:1314) ~[spring-beans-6.0.12.jar:6.0.12]
	at org.springframework.beans.factory.support.AbstractAutowireCapableBeanFactory.createBeanInstance(AbstractAutowireCapableBeanFactory.java:1199) ~[spring-beans-6.0.12.jar:6.0.12]
	at org.springframework.beans.factory.support.AbstractAutowireCapableBeanFactory.doCreateBean(AbstractAutowireCapableBeanFactory.java:560) ~[spring-beans-6.0.12.jar:6.0.12]
	at org.springframework.beans.factory.support.AbstractAutowireCapableBeanFactory.createBean(AbstractAutowireCapableBeanFactory.java:520) ~[spring-beans-6.0.12.jar:6.0.12]
	at org.springframework.beans.factory.support.AbstractBeanFactory.lambda$doGetBean$0(AbstractBeanFactory.java:325) ~[spring-beans-6.0.12.jar:6.0.12]
	at org.springframework.beans.factory.support.DefaultSingletonBeanRegistry.getSingleton(DefaultSingletonBeanRegistry.java:234) ~[spring-beans-6.0.12.jar:6.0.12]
	at org.springframework.beans.factory.support.AbstractBeanFactory.doGetBean(AbstractBeanFactory.java:323) ~[spring-beans-6.0.12.jar:6.0.12]
	at org.springframework.beans.factory.support.AbstractBeanFactory.getBean(AbstractBeanFactory.java:199) ~[spring-beans-6.0.12.jar:6.0.12]
	at org.springframework.beans.factory.support.DefaultListableBeanFactory.preInstantiateSingletons(DefaultListableBeanFactory.java:973) ~[spring-beans-6.0.12.jar:6.0.12]
	at org.springframework.context.support.AbstractApplicationContext.finishBeanFactoryInitialization(AbstractApplicationContext.java:942) ~[spring-context-6.0.12.jar:6.0.12]
	at org.springframework.context.support.AbstractApplicationContext.refresh(AbstractApplicationContext.java:608) ~[spring-context-6.0.12.jar:6.0.12]
	at org.springframework.boot.web.servlet.context.ServletWebServerApplicationContext.refresh(ServletWebServerApplicationContext.java:146) ~[spring-boot-3.1.4.jar:3.1.4]
	at org.springframework.boot.SpringApplication.refresh(SpringApplication.java:737) ~[spring-boot-3.1.4.jar:3.1.4]
	at org.springframework.boot.SpringApplication.refreshContext(SpringApplication.java:439) ~[spring-boot-3.1.4.jar:3.1.4]
	at org.springframework.boot.SpringApplication.run(SpringApplication.java:315) ~[spring-boot-3.1.4.jar:3.1.4]
	at org.springframework.boot.SpringApplication.run(SpringApplication.java:1309) ~[spring-boot-3.1.4.jar:3.1.4]
	at org.springframework.boot.SpringApplication.run(SpringApplication.java:1298) ~[spring-boot-3.1.4.jar:3.1.4]
	at kr.ch12.Ch12Application.main(Ch12Application.java:10) ~[main/:na]
	at java.base/jdk.internal.reflect.NativeMethodAccessorImpl.invoke0(Native Method) ~[na:na]
	at java.base/jdk.internal.reflect.NativeMethodAccessorImpl.invoke(NativeMethodAccessorImpl.java:77) ~[na:na]
	at java.base/jdk.internal.reflect.DelegatingMethodAccessorImpl.invoke(DelegatingMethodAccessorImpl.java:43) ~[na:na]
	at java.base/java.lang.reflect.Method.invoke(Method.java:568) ~[na:na]
	at org.springframework.boot.devtools.restart.RestartLauncher.run(RestartLauncher.java:50) ~[spring-boot-devtools-3.1.4.jar:3.1.4]
Caused by: org.springframework.beans.BeanInstantiationException: Failed to instantiate [kr.ch12.security.SecurityConfiguration$$SpringCGLIB$$0]: Constructor threw exception
	at org.springframework.beans.BeanUtils.instantiateClass(BeanUtils.java:224) ~[spring-beans-6.0.12.jar:6.0.12]
	at org.springframework.beans.factory.support.SimpleInstantiationStrategy.instantiate(SimpleInstantiationStrategy.java:87) ~[spring-beans-6.0.12.jar:6.0.12]
	at org.springframework.beans.factory.support.AbstractAutowireCapableBeanFactory.instantiateBean(AbstractAutowireCapableBeanFactory.java:1308) ~[spring-beans-6.0.12.jar:6.0.12]
	... 22 common frames omitted
Caused by: java.lang.Error: Unresolved compilation problems: 
	The import kr.ch11 cannot be resolved
	The import kr.ch11 cannot be resolved
	JwtProvider cannot be resolved to a type
	The method addFilterBefore(Filter, Class<? extends Filter>) in the type HttpSecurity is not applicable for the arguments (JwtAuthenticationFilter, Class<UsernamePasswordAuthenticationFilter>)
	JwtAuthenticationFilter cannot be resolved to a type
	JwtProvider cannot be resolved to a type

	at kr.ch12.security.SecurityConfiguration.<init>(SecurityConfiguration.java:20) ~[main/:na]
	at kr.ch12.security.SecurityConfiguration$$SpringCGLIB$$0.<init>(<generated>) ~[main/:na]
	at java.base/jdk.internal.reflect.NativeConstructorAccessorImpl.newInstance0(Native Method) ~[na:na]
	at java.base/jdk.internal.reflect.NativeConstructorAccessorImpl.newInstance(NativeConstructorAccessorImpl.java:77) ~[na:na]
	at java.base/jdk.internal.reflect.DelegatingConstructorAccessorImpl.newInstance(DelegatingConstructorAccessorImpl.java:45) ~[na:na]
	at java.base/java.lang.reflect.Constructor.newInstanceWithCaller(Constructor.java:499) ~[na:na]
	at java.base/java.lang.reflect.Constructor.newInstance(Constructor.java:480) ~[na:na]
	at org.springframework.beans.BeanUtils.instantiateClass(BeanUtils.java:198) ~[spring-beans-6.0.12.jar:6.0.12]
	... 24 common frames omitted

2023-10-11T10:26:09.971+09:00  INFO 864 --- [restartedMain] kr.ch12.Ch12Application                  : Starting Ch12Application using Java 17.0.8.1 with PID 864 (C:\Users\Java.DESKTOP-6PB29LQ\Desktop\workspace\Spring\Ch12\bin\main started by Java in C:\Users\Java.DESKTOP-6PB29LQ\Desktop\workspace\Spring\Ch12)
2023-10-11T10:26:09.972+09:00  INFO 864 --- [restartedMain] kr.ch12.Ch12Application                  : No active profile set, falling back to 1 default profile: "default"
2023-10-11T10:26:10.037+09:00  INFO 864 --- [restartedMain] .s.d.r.c.RepositoryConfigurationDelegate : Bootstrapping Spring Data JDBC repositories in DEFAULT mode.
2023-10-11T10:26:10.038+09:00  INFO 864 --- [restartedMain] .s.d.r.c.RepositoryConfigurationDelegate : Finished Spring Data repository scanning in 0 ms. Found 0 JDBC repository interfaces.
2023-10-11T10:26:10.075+09:00  INFO 864 --- [restartedMain] o.s.b.w.embedded.tomcat.TomcatWebServer  : Tomcat initialized with port(s): 8080 (http)
2023-10-11T10:26:10.076+09:00  INFO 864 --- [restartedMain] o.apache.catalina.core.StandardService   : Starting service [Tomcat]
2023-10-11T10:26:10.076+09:00  INFO 864 --- [restartedMain] o.apache.catalina.core.StandardEngine    : Starting Servlet engine: [Apache Tomcat/10.1.13]
2023-10-11T10:26:10.083+09:00  INFO 864 --- [restartedMain] o.a.c.c.C.[Tomcat-2].[localhost].[/]     : Initializing Spring embedded WebApplicationContext
2023-10-11T10:26:10.083+09:00  INFO 864 --- [restartedMain] w.s.c.ServletWebServerApplicationContext : Root WebApplicationContext: initialization completed in 109 ms
2023-10-11T10:26:10.089+09:00  WARN 864 --- [restartedMain] ConfigServletWebServerApplicationContext : Exception encountered during context initialization - cancelling refresh attempt: org.springframework.beans.factory.UnsatisfiedDependencyException: Error creating bean with name 'securityConfiguration': Unsatisfied dependency expressed through field 'service': Error creating bean with name 'securityUserService' defined in file [C:\Users\Java.DESKTOP-6PB29LQ\Desktop\workspace\Spring\Ch12\bin\main\kr\ch12\security\SecurityUserService.class]: Failed to instantiate [kr.ch12.security.SecurityUserService]: Constructor threw exception
2023-10-11T10:26:10.089+09:00  INFO 864 --- [restartedMain] o.apache.catalina.core.StandardService   : Stopping service [Tomcat]
2023-10-11T10:26:10.092+09:00  INFO 864 --- [restartedMain] .s.b.a.l.ConditionEvaluationReportLogger : 

Error starting ApplicationContext. To display the condition evaluation report re-run your application with 'debug' enabled.
2023-10-11T10:26:10.094+09:00 ERROR 864 --- [restartedMain] o.s.boot.SpringApplication               : Application run failed

org.springframework.beans.factory.UnsatisfiedDependencyException: Error creating bean with name 'securityConfiguration': Unsatisfied dependency expressed through field 'service': Error creating bean with name 'securityUserService' defined in file [C:\Users\Java.DESKTOP-6PB29LQ\Desktop\workspace\Spring\Ch12\bin\main\kr\ch12\security\SecurityUserService.class]: Failed to instantiate [kr.ch12.security.SecurityUserService]: Constructor threw exception
	at org.springframework.beans.factory.annotation.AutowiredAnnotationBeanPostProcessor$AutowiredFieldElement.resolveFieldValue(AutowiredAnnotationBeanPostProcessor.java:767) ~[spring-beans-6.0.12.jar:6.0.12]
	at org.springframework.beans.factory.annotation.AutowiredAnnotationBeanPostProcessor$AutowiredFieldElement.inject(AutowiredAnnotationBeanPostProcessor.java:747) ~[spring-beans-6.0.12.jar:6.0.12]
	at org.springframework.beans.factory.annotation.InjectionMetadata.inject(InjectionMetadata.java:145) ~[spring-beans-6.0.12.jar:6.0.12]
	at org.springframework.beans.factory.annotation.AutowiredAnnotationBeanPostProcessor.postProcessProperties(AutowiredAnnotationBeanPostProcessor.java:492) ~[spring-beans-6.0.12.jar:6.0.12]
	at org.springframework.beans.factory.support.AbstractAutowireCapableBeanFactory.populateBean(AbstractAutowireCapableBeanFactory.java:1416) ~[spring-beans-6.0.12.jar:6.0.12]
	at org.springframework.beans.factory.support.AbstractAutowireCapableBeanFactory.doCreateBean(AbstractAutowireCapableBeanFactory.java:597) ~[spring-beans-6.0.12.jar:6.0.12]
	at org.springframework.beans.factory.support.AbstractAutowireCapableBeanFactory.createBean(AbstractAutowireCapableBeanFactory.java:520) ~[spring-beans-6.0.12.jar:6.0.12]
	at org.springframework.beans.factory.support.AbstractBeanFactory.lambda$doGetBean$0(AbstractBeanFactory.java:325) ~[spring-beans-6.0.12.jar:6.0.12]
	at org.springframework.beans.factory.support.DefaultSingletonBeanRegistry.getSingleton(DefaultSingletonBeanRegistry.java:234) ~[spring-beans-6.0.12.jar:6.0.12]
	at org.springframework.beans.factory.support.AbstractBeanFactory.doGetBean(AbstractBeanFactory.java:323) ~[spring-beans-6.0.12.jar:6.0.12]
	at org.springframework.beans.factory.support.AbstractBeanFactory.getBean(AbstractBeanFactory.java:199) ~[spring-beans-6.0.12.jar:6.0.12]
	at org.springframework.beans.factory.support.DefaultListableBeanFactory.preInstantiateSingletons(DefaultListableBeanFactory.java:973) ~[spring-beans-6.0.12.jar:6.0.12]
	at org.springframework.context.support.AbstractApplicationContext.finishBeanFactoryInitialization(AbstractApplicationContext.java:942) ~[spring-context-6.0.12.jar:6.0.12]
	at org.springframework.context.support.AbstractApplicationContext.refresh(AbstractApplicationContext.java:608) ~[spring-context-6.0.12.jar:6.0.12]
	at org.springframework.boot.web.servlet.context.ServletWebServerApplicationContext.refresh(ServletWebServerApplicationContext.java:146) ~[spring-boot-3.1.4.jar:3.1.4]
	at org.springframework.boot.SpringApplication.refresh(SpringApplication.java:737) ~[spring-boot-3.1.4.jar:3.1.4]
	at org.springframework.boot.SpringApplication.refreshContext(SpringApplication.java:439) ~[spring-boot-3.1.4.jar:3.1.4]
	at org.springframework.boot.SpringApplication.run(SpringApplication.java:315) ~[spring-boot-3.1.4.jar:3.1.4]
	at org.springframework.boot.SpringApplication.run(SpringApplication.java:1309) ~[spring-boot-3.1.4.jar:3.1.4]
	at org.springframework.boot.SpringApplication.run(SpringApplication.java:1298) ~[spring-boot-3.1.4.jar:3.1.4]
	at kr.ch12.Ch12Application.main(Ch12Application.java:10) ~[main/:na]
	at java.base/jdk.internal.reflect.NativeMethodAccessorImpl.invoke0(Native Method) ~[na:na]
	at java.base/jdk.internal.reflect.NativeMethodAccessorImpl.invoke(NativeMethodAccessorImpl.java:77) ~[na:na]
	at java.base/jdk.internal.reflect.DelegatingMethodAccessorImpl.invoke(DelegatingMethodAccessorImpl.java:43) ~[na:na]
	at java.base/java.lang.reflect.Method.invoke(Method.java:568) ~[na:na]
	at org.springframework.boot.devtools.restart.RestartLauncher.run(RestartLauncher.java:50) ~[spring-boot-devtools-3.1.4.jar:3.1.4]
Caused by: org.springframework.beans.factory.BeanCreationException: Error creating bean with name 'securityUserService' defined in file [C:\Users\Java.DESKTOP-6PB29LQ\Desktop\workspace\Spring\Ch12\bin\main\kr\ch12\security\SecurityUserService.class]: Failed to instantiate [kr.ch12.security.SecurityUserService]: Constructor threw exception
	at org.springframework.beans.factory.support.AbstractAutowireCapableBeanFactory.instantiateBean(AbstractAutowireCapableBeanFactory.java:1314) ~[spring-beans-6.0.12.jar:6.0.12]
	at org.springframework.beans.factory.support.AbstractAutowireCapableBeanFactory.createBeanInstance(AbstractAutowireCapableBeanFactory.java:1199) ~[spring-beans-6.0.12.jar:6.0.12]
	at org.springframework.beans.factory.support.AbstractAutowireCapableBeanFactory.doCreateBean(AbstractAutowireCapableBeanFactory.java:560) ~[spring-beans-6.0.12.jar:6.0.12]
	at org.springframework.beans.factory.support.AbstractAutowireCapableBeanFactory.createBean(AbstractAutowireCapableBeanFactory.java:520) ~[spring-beans-6.0.12.jar:6.0.12]
	at org.springframework.beans.factory.support.AbstractBeanFactory.lambda$doGetBean$0(AbstractBeanFactory.java:325) ~[spring-beans-6.0.12.jar:6.0.12]
	at org.springframework.beans.factory.support.DefaultSingletonBeanRegistry.getSingleton(DefaultSingletonBeanRegistry.java:234) ~[spring-beans-6.0.12.jar:6.0.12]
	at org.springframework.beans.factory.support.AbstractBeanFactory.doGetBean(AbstractBeanFactory.java:323) ~[spring-beans-6.0.12.jar:6.0.12]
	at org.springframework.beans.factory.support.AbstractBeanFactory.getBean(AbstractBeanFactory.java:199) ~[spring-beans-6.0.12.jar:6.0.12]
	at org.springframework.beans.factory.config.DependencyDescriptor.resolveCandidate(DependencyDescriptor.java:254) ~[spring-beans-6.0.12.jar:6.0.12]
	at org.springframework.beans.factory.support.DefaultListableBeanFactory.doResolveDependency(DefaultListableBeanFactory.java:1417) ~[spring-beans-6.0.12.jar:6.0.12]
	at org.springframework.beans.factory.support.DefaultListableBeanFactory.resolveDependency(DefaultListableBeanFactory.java:1337) ~[spring-beans-6.0.12.jar:6.0.12]
	at org.springframework.beans.factory.annotation.AutowiredAnnotationBeanPostProcessor$AutowiredFieldElement.resolveFieldValue(AutowiredAnnotationBeanPostProcessor.java:764) ~[spring-beans-6.0.12.jar:6.0.12]
	... 25 common frames omitted
Caused by: org.springframework.beans.BeanInstantiationException: Failed to instantiate [kr.ch12.security.SecurityUserService]: Constructor threw exception
	at org.springframework.beans.BeanUtils.instantiateClass(BeanUtils.java:224) ~[spring-beans-6.0.12.jar:6.0.12]
	at org.springframework.beans.factory.support.SimpleInstantiationStrategy.instantiate(SimpleInstantiationStrategy.java:87) ~[spring-beans-6.0.12.jar:6.0.12]
	at org.springframework.beans.factory.support.AbstractAutowireCapableBeanFactory.instantiateBean(AbstractAutowireCapableBeanFactory.java:1308) ~[spring-beans-6.0.12.jar:6.0.12]
	... 36 common frames omitted
Caused by: java.lang.Error: Unresolved compilation problems: 
	The import kr.ch11 cannot be resolved
	The import kr.ch11 cannot be resolved
	UserRepository cannot be resolved to a type
	UserEntity cannot be resolved to a type
	UserRepository cannot be resolved to a type
	The method builder() is undefined for the type MyUserDetails

	at kr.ch12.security.SecurityUserService.<init>(SecurityUserService.java:9) ~[main/:na]
	at java.base/jdk.internal.reflect.NativeConstructorAccessorImpl.newInstance0(Native Method) ~[na:na]
	at java.base/jdk.internal.reflect.NativeConstructorAccessorImpl.newInstance(NativeConstructorAccessorImpl.java:77) ~[na:na]
	at java.base/jdk.internal.reflect.DelegatingConstructorAccessorImpl.newInstance(DelegatingConstructorAccessorImpl.java:45) ~[na:na]
	at java.base/java.lang.reflect.Constructor.newInstanceWithCaller(Constructor.java:499) ~[na:na]
	at java.base/java.lang.reflect.Constructor.newInstance(Constructor.java:480) ~[na:na]
	at org.springframework.beans.BeanUtils.instantiateClass(BeanUtils.java:198) ~[spring-beans-6.0.12.jar:6.0.12]
	... 38 common frames omitted

2023-10-11T10:26:36.014+09:00  INFO 864 --- [restartedMain] kr.ch12.Ch12Application                  : Starting Ch12Application using Java 17.0.8.1 with PID 864 (C:\Users\Java.DESKTOP-6PB29LQ\Desktop\workspace\Spring\Ch12\bin\main started by Java in C:\Users\Java.DESKTOP-6PB29LQ\Desktop\workspace\Spring\Ch12)
2023-10-11T10:26:36.015+09:00  INFO 864 --- [restartedMain] kr.ch12.Ch12Application                  : No active profile set, falling back to 1 default profile: "default"
2023-10-11T10:26:36.075+09:00  INFO 864 --- [restartedMain] .s.d.r.c.RepositoryConfigurationDelegate : Bootstrapping Spring Data JDBC repositories in DEFAULT mode.
2023-10-11T10:26:36.076+09:00  INFO 864 --- [restartedMain] .s.d.r.c.RepositoryConfigurationDelegate : Finished Spring Data repository scanning in 0 ms. Found 0 JDBC repository interfaces.
2023-10-11T10:26:36.110+09:00  INFO 864 --- [restartedMain] o.s.b.w.embedded.tomcat.TomcatWebServer  : Tomcat initialized with port(s): 8080 (http)
2023-10-11T10:26:36.110+09:00  INFO 864 --- [restartedMain] o.apache.catalina.core.StandardService   : Starting service [Tomcat]
2023-10-11T10:26:36.110+09:00  INFO 864 --- [restartedMain] o.apache.catalina.core.StandardEngine    : Starting Servlet engine: [Apache Tomcat/10.1.13]
2023-10-11T10:26:36.116+09:00  INFO 864 --- [restartedMain] o.a.c.c.C.[Tomcat-3].[localhost].[/]     : Initializing Spring embedded WebApplicationContext
2023-10-11T10:26:36.116+09:00  INFO 864 --- [restartedMain] w.s.c.ServletWebServerApplicationContext : Root WebApplicationContext: initialization completed in 99 ms
2023-10-11T10:26:36.123+09:00  WARN 864 --- [restartedMain] ConfigServletWebServerApplicationContext : Exception encountered during context initialization - cancelling refresh attempt: org.springframework.beans.factory.UnsatisfiedDependencyException: Error creating bean with name 'securityConfiguration': Unsatisfied dependency expressed through field 'service': Error creating bean with name 'securityUserService': Unsatisfied dependency expressed through field 'repo': No qualifying bean of type 'kr.ch11.repository.UserRepository' available: expected at least 1 bean which qualifies as autowire candidate. Dependency annotations: {@org.springframework.beans.factory.annotation.Autowired(required=true)}
2023-10-11T10:26:36.123+09:00  INFO 864 --- [restartedMain] o.apache.catalina.core.StandardService   : Stopping service [Tomcat]
2023-10-11T10:26:36.126+09:00  INFO 864 --- [restartedMain] .s.b.a.l.ConditionEvaluationReportLogger : 

Error starting ApplicationContext. To display the condition evaluation report re-run your application with 'debug' enabled.
2023-10-11T10:26:36.128+09:00 ERROR 864 --- [restartedMain] o.s.b.d.LoggingFailureAnalysisReporter   : 

***************************
APPLICATION FAILED TO START
***************************

Description:

Field repo in kr.ch12.security.SecurityUserService required a bean of type 'kr.ch11.repository.UserRepository' that could not be found.

The injection point has the following annotations:
	- @org.springframework.beans.factory.annotation.Autowired(required=true)


Action:

Consider defining a bean of type 'kr.ch11.repository.UserRepository' in your configuration.

2023-10-11T10:26:42.674+09:00  INFO 864 --- [restartedMain] kr.ch12.Ch12Application                  : Starting Ch12Application using Java 17.0.8.1 with PID 864 (C:\Users\Java.DESKTOP-6PB29LQ\Desktop\workspace\Spring\Ch12\bin\main started by Java in C:\Users\Java.DESKTOP-6PB29LQ\Desktop\workspace\Spring\Ch12)
2023-10-11T10:26:42.675+09:00  INFO 864 --- [restartedMain] kr.ch12.Ch12Application                  : No active profile set, falling back to 1 default profile: "default"
2023-10-11T10:26:42.736+09:00  INFO 864 --- [restartedMain] .s.d.r.c.RepositoryConfigurationDelegate : Bootstrapping Spring Data JDBC repositories in DEFAULT mode.
2023-10-11T10:26:42.737+09:00  INFO 864 --- [restartedMain] .s.d.r.c.RepositoryConfigurationDelegate : Finished Spring Data repository scanning in 1 ms. Found 0 JDBC repository interfaces.
2023-10-11T10:26:42.771+09:00  INFO 864 --- [restartedMain] o.s.b.w.embedded.tomcat.TomcatWebServer  : Tomcat initialized with port(s): 8080 (http)
2023-10-11T10:26:42.771+09:00  INFO 864 --- [restartedMain] o.apache.catalina.core.StandardService   : Starting service [Tomcat]
2023-10-11T10:26:42.772+09:00  INFO 864 --- [restartedMain] o.apache.catalina.core.StandardEngine    : Starting Servlet engine: [Apache Tomcat/10.1.13]
2023-10-11T10:26:42.778+09:00  INFO 864 --- [restartedMain] o.a.c.c.C.[Tomcat-4].[localhost].[/]     : Initializing Spring embedded WebApplicationContext
2023-10-11T10:26:42.778+09:00  INFO 864 --- [restartedMain] w.s.c.ServletWebServerApplicationContext : Root WebApplicationContext: initialization completed in 101 ms
2023-10-11T10:26:42.784+09:00  WARN 864 --- [restartedMain] ConfigServletWebServerApplicationContext : Exception encountered during context initialization - cancelling refresh attempt: org.springframework.beans.factory.UnsatisfiedDependencyException: Error creating bean with name 'securityConfiguration': Unsatisfied dependency expressed through field 'service': Error creating bean with name 'securityUserService': Unsatisfied dependency expressed through field 'repo': No qualifying bean of type 'kr.ch12.repository.UserRepository' available: expected at least 1 bean which qualifies as autowire candidate. Dependency annotations: {@org.springframework.beans.factory.annotation.Autowired(required=true)}
2023-10-11T10:26:42.784+09:00  INFO 864 --- [restartedMain] o.apache.catalina.core.StandardService   : Stopping service [Tomcat]
2023-10-11T10:26:42.787+09:00  INFO 864 --- [restartedMain] .s.b.a.l.ConditionEvaluationReportLogger : 

Error starting ApplicationContext. To display the condition evaluation report re-run your application with 'debug' enabled.
2023-10-11T10:26:42.789+09:00 ERROR 864 --- [restartedMain] o.s.b.d.LoggingFailureAnalysisReporter   : 

***************************
APPLICATION FAILED TO START
***************************

Description:

Field repo in kr.ch12.security.SecurityUserService required a bean of type 'kr.ch12.repository.UserRepository' that could not be found.

The injection point has the following annotations:
	- @org.springframework.beans.factory.annotation.Autowired(required=true)


Action:

Consider defining a bean of type 'kr.ch12.repository.UserRepository' in your configuration.

2023-10-11T10:29:58.297+09:00  INFO 864 --- [restartedMain] kr.ch12.Ch12Application                  : Starting Ch12Application using Java 17.0.8.1 with PID 864 (C:\Users\Java.DESKTOP-6PB29LQ\Desktop\workspace\Spring\Ch12\bin\main started by Java in C:\Users\Java.DESKTOP-6PB29LQ\Desktop\workspace\Spring\Ch12)
2023-10-11T10:29:58.298+09:00  INFO 864 --- [restartedMain] kr.ch12.Ch12Application                  : No active profile set, falling back to 1 default profile: "default"
2023-10-11T10:29:58.354+09:00  INFO 864 --- [restartedMain] .s.d.r.c.RepositoryConfigurationDelegate : Bootstrapping Spring Data JDBC repositories in DEFAULT mode.
2023-10-11T10:29:58.355+09:00  INFO 864 --- [restartedMain] .s.d.r.c.RepositoryConfigurationDelegate : Finished Spring Data repository scanning in 1 ms. Found 0 JDBC repository interfaces.
2023-10-11T10:29:58.387+09:00  INFO 864 --- [restartedMain] o.s.b.w.embedded.tomcat.TomcatWebServer  : Tomcat initialized with port(s): 8080 (http)
2023-10-11T10:29:58.387+09:00  INFO 864 --- [restartedMain] o.apache.catalina.core.StandardService   : Starting service [Tomcat]
2023-10-11T10:29:58.387+09:00  INFO 864 --- [restartedMain] o.apache.catalina.core.StandardEngine    : Starting Servlet engine: [Apache Tomcat/10.1.13]
2023-10-11T10:29:58.394+09:00  INFO 864 --- [restartedMain] o.a.c.c.C.[Tomcat-5].[localhost].[/]     : Initializing Spring embedded WebApplicationContext
2023-10-11T10:29:58.394+09:00  INFO 864 --- [restartedMain] w.s.c.ServletWebServerApplicationContext : Root WebApplicationContext: initialization completed in 95 ms
2023-10-11T10:29:58.400+09:00  WARN 864 --- [restartedMain] ConfigServletWebServerApplicationContext : Exception encountered during context initialization - cancelling refresh attempt: org.springframework.beans.factory.UnsatisfiedDependencyException: Error creating bean with name 'securityConfiguration': Unsatisfied dependency expressed through field 'service': Error creating bean with name 'securityUserService': Unsatisfied dependency expressed through field 'repo': No qualifying bean of type 'kr.ch12.repository.UserRepository' available: expected at least 1 bean which qualifies as autowire candidate. Dependency annotations: {@org.springframework.beans.factory.annotation.Autowired(required=true)}
2023-10-11T10:29:58.401+09:00  INFO 864 --- [restartedMain] o.apache.catalina.core.StandardService   : Stopping service [Tomcat]
2023-10-11T10:29:58.403+09:00  INFO 864 --- [restartedMain] .s.b.a.l.ConditionEvaluationReportLogger : 

Error starting ApplicationContext. To display the condition evaluation report re-run your application with 'debug' enabled.
2023-10-11T10:29:58.405+09:00 ERROR 864 --- [restartedMain] o.s.b.d.LoggingFailureAnalysisReporter   : 

***************************
APPLICATION FAILED TO START
***************************

Description:

Field repo in kr.ch12.security.SecurityUserService required a bean of type 'kr.ch12.repository.UserRepository' that could not be found.

The injection point has the following annotations:
	- @org.springframework.beans.factory.annotation.Autowired(required=true)


Action:

Consider defining a bean of type 'kr.ch12.repository.UserRepository' in your configuration.

2023-10-11T10:36:29.782+09:00  INFO 864 --- [restartedMain] kr.ch12.Ch12Application                  : Starting Ch12Application using Java 17.0.8.1 with PID 864 (C:\Users\Java.DESKTOP-6PB29LQ\Desktop\workspace\Spring\Ch12\bin\main started by Java in C:\Users\Java.DESKTOP-6PB29LQ\Desktop\workspace\Spring\Ch12)
2023-10-11T10:36:29.783+09:00  INFO 864 --- [restartedMain] kr.ch12.Ch12Application                  : No active profile set, falling back to 1 default profile: "default"
2023-10-11T10:36:29.843+09:00  INFO 864 --- [restartedMain] .s.d.r.c.RepositoryConfigurationDelegate : Bootstrapping Spring Data JDBC repositories in DEFAULT mode.
2023-10-11T10:36:29.845+09:00  INFO 864 --- [restartedMain] .s.d.r.c.RepositoryConfigurationDelegate : Finished Spring Data repository scanning in 1 ms. Found 0 JDBC repository interfaces.
2023-10-11T10:36:29.878+09:00  INFO 864 --- [restartedMain] o.s.b.w.embedded.tomcat.TomcatWebServer  : Tomcat initialized with port(s): 8080 (http)
2023-10-11T10:36:29.878+09:00  INFO 864 --- [restartedMain] o.apache.catalina.core.StandardService   : Starting service [Tomcat]
2023-10-11T10:36:29.878+09:00  INFO 864 --- [restartedMain] o.apache.catalina.core.StandardEngine    : Starting Servlet engine: [Apache Tomcat/10.1.13]
2023-10-11T10:36:29.884+09:00  INFO 864 --- [restartedMain] o.a.c.c.C.[Tomcat-6].[localhost].[/]     : Initializing Spring embedded WebApplicationContext
2023-10-11T10:36:29.884+09:00  INFO 864 --- [restartedMain] w.s.c.ServletWebServerApplicationContext : Root WebApplicationContext: initialization completed in 100 ms
2023-10-11T10:36:29.890+09:00  WARN 864 --- [restartedMain] ConfigServletWebServerApplicationContext : Exception encountered during context initialization - cancelling refresh attempt: org.springframework.beans.factory.UnsatisfiedDependencyException: Error creating bean with name 'securityConfiguration': Unsatisfied dependency expressed through field 'service': Error creating bean with name 'securityUserService': Unsatisfied dependency expressed through field 'repo': No qualifying bean of type 'kr.ch12.repository.UserRepository' available: expected at least 1 bean which qualifies as autowire candidate. Dependency annotations: {@org.springframework.beans.factory.annotation.Autowired(required=true)}
2023-10-11T10:36:29.890+09:00  INFO 864 --- [restartedMain] o.apache.catalina.core.StandardService   : Stopping service [Tomcat]
2023-10-11T10:36:29.893+09:00  INFO 864 --- [restartedMain] .s.b.a.l.ConditionEvaluationReportLogger : 

Error starting ApplicationContext. To display the condition evaluation report re-run your application with 'debug' enabled.
2023-10-11T10:36:29.895+09:00 ERROR 864 --- [restartedMain] o.s.b.d.LoggingFailureAnalysisReporter   : 

***************************
APPLICATION FAILED TO START
***************************

Description:

Field repo in kr.ch12.security.SecurityUserService required a bean of type 'kr.ch12.repository.UserRepository' that could not be found.

The injection point has the following annotations:
	- @org.springframework.beans.factory.annotation.Autowired(required=true)


Action:

Consider defining a bean of type 'kr.ch12.repository.UserRepository' in your configuration.

2023-10-11T10:47:07.656+09:00  INFO 864 --- [restartedMain] kr.ch12.Ch12Application                  : Starting Ch12Application using Java 17.0.8.1 with PID 864 (C:\Users\Java.DESKTOP-6PB29LQ\Desktop\workspace\Spring\Ch12\bin\main started by Java in C:\Users\Java.DESKTOP-6PB29LQ\Desktop\workspace\Spring\Ch12)
2023-10-11T10:47:07.656+09:00  INFO 864 --- [restartedMain] kr.ch12.Ch12Application                  : No active profile set, falling back to 1 default profile: "default"
2023-10-11T10:47:07.724+09:00  INFO 864 --- [restartedMain] .s.d.r.c.RepositoryConfigurationDelegate : Bootstrapping Spring Data JDBC repositories in DEFAULT mode.
2023-10-11T10:47:07.726+09:00  INFO 864 --- [restartedMain] .s.d.r.c.RepositoryConfigurationDelegate : Finished Spring Data repository scanning in 1 ms. Found 0 JDBC repository interfaces.
2023-10-11T10:47:07.757+09:00  INFO 864 --- [restartedMain] o.s.b.w.embedded.tomcat.TomcatWebServer  : Tomcat initialized with port(s): 8080 (http)
2023-10-11T10:47:07.758+09:00  INFO 864 --- [restartedMain] o.apache.catalina.core.StandardService   : Starting service [Tomcat]
2023-10-11T10:47:07.758+09:00  INFO 864 --- [restartedMain] o.apache.catalina.core.StandardEngine    : Starting Servlet engine: [Apache Tomcat/10.1.13]
2023-10-11T10:47:07.764+09:00  INFO 864 --- [restartedMain] o.a.c.c.C.[Tomcat-7].[localhost].[/]     : Initializing Spring embedded WebApplicationContext
2023-10-11T10:47:07.764+09:00  INFO 864 --- [restartedMain] w.s.c.ServletWebServerApplicationContext : Root WebApplicationContext: initialization completed in 107 ms
2023-10-11T10:47:07.770+09:00  WARN 864 --- [restartedMain] ConfigServletWebServerApplicationContext : Exception encountered during context initialization - cancelling refresh attempt: org.springframework.beans.factory.UnsatisfiedDependencyException: Error creating bean with name 'securityConfiguration': Unsatisfied dependency expressed through field 'service': Error creating bean with name 'securityUserService': Unsatisfied dependency expressed through field 'repo': No qualifying bean of type 'kr.ch12.repository.UserRepository' available: expected at least 1 bean which qualifies as autowire candidate. Dependency annotations: {@org.springframework.beans.factory.annotation.Autowired(required=true)}
2023-10-11T10:47:07.770+09:00  INFO 864 --- [restartedMain] o.apache.catalina.core.StandardService   : Stopping service [Tomcat]
2023-10-11T10:47:07.773+09:00  INFO 864 --- [restartedMain] .s.b.a.l.ConditionEvaluationReportLogger : 

Error starting ApplicationContext. To display the condition evaluation report re-run your application with 'debug' enabled.
2023-10-11T10:47:07.774+09:00 ERROR 864 --- [restartedMain] o.s.b.d.LoggingFailureAnalysisReporter   : 

***************************
APPLICATION FAILED TO START
***************************

Description:

Field repo in kr.ch12.security.SecurityUserService required a bean of type 'kr.ch12.repository.UserRepository' that could not be found.

The injection point has the following annotations:
	- @org.springframework.beans.factory.annotation.Autowired(required=true)


Action:

Consider defining a bean of type 'kr.ch12.repository.UserRepository' in your configuration.

2023-10-11T10:56:23.049+09:00  INFO 864 --- [restartedMain] kr.ch12.Ch12Application                  : Starting Ch12Application using Java 17.0.8.1 with PID 864 (C:\Users\Java.DESKTOP-6PB29LQ\Desktop\workspace\Spring\Ch12\bin\main started by Java in C:\Users\Java.DESKTOP-6PB29LQ\Desktop\workspace\Spring\Ch12)
2023-10-11T10:56:23.050+09:00  INFO 864 --- [restartedMain] kr.ch12.Ch12Application                  : No active profile set, falling back to 1 default profile: "default"
2023-10-11T10:56:23.112+09:00  INFO 864 --- [restartedMain] .s.d.r.c.RepositoryConfigurationDelegate : Bootstrapping Spring Data JDBC repositories in DEFAULT mode.
2023-10-11T10:56:23.114+09:00  INFO 864 --- [restartedMain] .s.d.r.c.RepositoryConfigurationDelegate : Finished Spring Data repository scanning in 2 ms. Found 0 JDBC repository interfaces.
2023-10-11T10:56:23.146+09:00  INFO 864 --- [restartedMain] o.s.b.w.embedded.tomcat.TomcatWebServer  : Tomcat initialized with port(s): 8080 (http)
2023-10-11T10:56:23.146+09:00  INFO 864 --- [restartedMain] o.apache.catalina.core.StandardService   : Starting service [Tomcat]
2023-10-11T10:56:23.146+09:00  INFO 864 --- [restartedMain] o.apache.catalina.core.StandardEngine    : Starting Servlet engine: [Apache Tomcat/10.1.13]
2023-10-11T10:56:23.152+09:00  INFO 864 --- [restartedMain] o.a.c.c.C.[Tomcat-8].[localhost].[/]     : Initializing Spring embedded WebApplicationContext
2023-10-11T10:56:23.152+09:00  INFO 864 --- [restartedMain] w.s.c.ServletWebServerApplicationContext : Root WebApplicationContext: initialization completed in 101 ms
2023-10-11T10:56:23.158+09:00  WARN 864 --- [restartedMain] ConfigServletWebServerApplicationContext : Exception encountered during context initialization - cancelling refresh attempt: org.springframework.beans.factory.UnsatisfiedDependencyException: Error creating bean with name 'securityConfiguration': Unsatisfied dependency expressed through field 'service': Error creating bean with name 'securityUserService': Unsatisfied dependency expressed through field 'repo': No qualifying bean of type 'kr.ch12.repository.UserRepository' available: expected at least 1 bean which qualifies as autowire candidate. Dependency annotations: {@org.springframework.beans.factory.annotation.Autowired(required=true)}
2023-10-11T10:56:23.158+09:00  INFO 864 --- [restartedMain] o.apache.catalina.core.StandardService   : Stopping service [Tomcat]
2023-10-11T10:56:23.161+09:00  INFO 864 --- [restartedMain] .s.b.a.l.ConditionEvaluationReportLogger : 

Error starting ApplicationContext. To display the condition evaluation report re-run your application with 'debug' enabled.
2023-10-11T10:56:23.162+09:00 ERROR 864 --- [restartedMain] o.s.b.d.LoggingFailureAnalysisReporter   : 

***************************
APPLICATION FAILED TO START
***************************

Description:

Field repo in kr.ch12.security.SecurityUserService required a bean of type 'kr.ch12.repository.UserRepository' that could not be found.

The injection point has the following annotations:
	- @org.springframework.beans.factory.annotation.Autowired(required=true)


Action:

Consider defining a bean of type 'kr.ch12.repository.UserRepository' in your configuration.

2023-10-11T11:39:37.119+09:00  INFO 9900 --- [restartedMain] kr.ch12.Ch12Application                  : Starting Ch12Application using Java 17.0.8.1 with PID 9900 (C:\Users\Java.DESKTOP-6PB29LQ\Desktop\workspace\Spring\Ch12\bin\main started by Java in C:\Users\Java.DESKTOP-6PB29LQ\Desktop\workspace\Spring\Ch12)
2023-10-11T11:39:37.120+09:00  INFO 9900 --- [restartedMain] kr.ch12.Ch12Application                  : No active profile set, falling back to 1 default profile: "default"
2023-10-11T11:39:37.144+09:00  INFO 9900 --- [restartedMain] .e.DevToolsPropertyDefaultsPostProcessor : Devtools property defaults active! Set 'spring.devtools.add-properties' to 'false' to disable
2023-10-11T11:39:37.144+09:00  INFO 9900 --- [restartedMain] .e.DevToolsPropertyDefaultsPostProcessor : For additional web related logging consider setting the 'logging.level.web' property to 'DEBUG'
2023-10-11T11:39:37.468+09:00  INFO 9900 --- [restartedMain] .s.d.r.c.RepositoryConfigurationDelegate : Bootstrapping Spring Data JPA repositories in DEFAULT mode.
2023-10-11T11:39:37.498+09:00  INFO 9900 --- [restartedMain] .s.d.r.c.RepositoryConfigurationDelegate : Finished Spring Data repository scanning in 25 ms. Found 1 JPA repository interfaces.
2023-10-11T11:39:37.802+09:00  INFO 9900 --- [restartedMain] o.s.b.w.embedded.tomcat.TomcatWebServer  : Tomcat initialized with port(s): 8080 (http)
2023-10-11T11:39:37.808+09:00  INFO 9900 --- [restartedMain] o.apache.catalina.core.StandardService   : Starting service [Tomcat]
2023-10-11T11:39:37.808+09:00  INFO 9900 --- [restartedMain] o.apache.catalina.core.StandardEngine    : Starting Servlet engine: [Apache Tomcat/10.1.13]
2023-10-11T11:39:37.843+09:00  INFO 9900 --- [restartedMain] o.a.c.c.C.[Tomcat].[localhost].[/]       : Initializing Spring embedded WebApplicationContext
2023-10-11T11:39:37.843+09:00  INFO 9900 --- [restartedMain] w.s.c.ServletWebServerApplicationContext : Root WebApplicationContext: initialization completed in 699 ms
2023-10-11T11:39:37.920+09:00  INFO 9900 --- [restartedMain] o.hibernate.jpa.internal.util.LogHelper  : HHH000204: Processing PersistenceUnitInfo [name: default]
2023-10-11T11:39:37.943+09:00  INFO 9900 --- [restartedMain] org.hibernate.Version                    : HHH000412: Hibernate ORM core version 6.2.9.Final
2023-10-11T11:39:37.945+09:00  INFO 9900 --- [restartedMain] org.hibernate.cfg.Environment            : HHH000406: Using bytecode reflection optimizer
2023-10-11T11:39:38.008+09:00  INFO 9900 --- [restartedMain] o.h.b.i.BytecodeProviderInitiator        : HHH000021: Bytecode provider name : bytebuddy
2023-10-11T11:39:38.082+09:00  INFO 9900 --- [restartedMain] o.s.o.j.p.SpringPersistenceUnitInfo      : No LoadTimeWeaver setup: ignoring JPA class transformer
2023-10-11T11:39:38.094+09:00  INFO 9900 --- [restartedMain] com.zaxxer.hikari.HikariDataSource       : HikariPool-1 - Starting...
2023-10-11T11:39:38.270+09:00  INFO 9900 --- [restartedMain] com.zaxxer.hikari.pool.HikariPool        : HikariPool-1 - Added connection com.mysql.cj.jdbc.ConnectionImpl@7aad8324
2023-10-11T11:39:38.272+09:00  INFO 9900 --- [restartedMain] com.zaxxer.hikari.HikariDataSource       : HikariPool-1 - Start completed.
2023-10-11T11:39:38.283+09:00  WARN 9900 --- [restartedMain] org.hibernate.orm.deprecation            : HHH90000026: MySQL57Dialect has been deprecated; use org.hibernate.dialect.MySQLDialect instead
2023-10-11T11:39:38.370+09:00  INFO 9900 --- [restartedMain] o.h.b.i.BytecodeProviderInitiator        : HHH000021: Bytecode provider name : bytebuddy
2023-10-11T11:39:38.680+09:00  INFO 9900 --- [restartedMain] o.h.e.t.j.p.i.JtaPlatformInitiator       : HHH000490: Using JtaPlatform implementation: [org.hibernate.engine.transaction.jta.platform.internal.NoJtaPlatform]
2023-10-11T11:39:39.145+09:00  INFO 9900 --- [restartedMain] j.LocalContainerEntityManagerFactoryBean : Initialized JPA EntityManagerFactory for persistence unit 'default'
2023-10-11T11:39:39.306+09:00  WARN 9900 --- [restartedMain] JpaBaseConfiguration$JpaWebConfiguration : spring.jpa.open-in-view is enabled by default. Therefore, database queries may be performed during view rendering. Explicitly configure spring.jpa.open-in-view to disable this warning
2023-10-11T11:39:39.374+09:00  INFO 9900 --- [restartedMain] o.s.b.a.w.s.WelcomePageHandlerMapping    : Adding welcome page template: index
2023-10-11T11:39:39.456+09:00  INFO 9900 --- [restartedMain] o.s.s.web.DefaultSecurityFilterChain     : Will secure any request with [org.springframework.security.web.session.DisableEncodeUrlFilter@7610e03e, org.springframework.security.web.context.request.async.WebAsyncManagerIntegrationFilter@437cf3fd, org.springframework.security.web.context.SecurityContextHolderFilter@7c07a47b, org.springframework.security.web.header.HeaderWriterFilter@495d9f0e, org.springframework.security.web.authentication.logout.LogoutFilter@6606b276, org.springframework.security.oauth2.client.web.OAuth2AuthorizationRequestRedirectFilter@6f86ce84, org.springframework.security.oauth2.client.web.OAuth2LoginAuthenticationFilter@77eab451, org.springframework.security.web.authentication.UsernamePasswordAuthenticationFilter@678530df, org.springframework.security.web.savedrequest.RequestCacheAwareFilter@990fa4d, org.springframework.security.web.servletapi.SecurityContextHolderAwareRequestFilter@3fcc1c83, org.springframework.security.web.authentication.AnonymousAuthenticationFilter@2d3fbcfb, org.springframework.security.web.access.ExceptionTranslationFilter@462ec828, org.springframework.security.web.access.intercept.AuthorizationFilter@6e3b6c45]
2023-10-11T11:39:39.557+09:00  INFO 9900 --- [restartedMain] o.s.b.d.a.OptionalLiveReloadServer       : LiveReload server is running on port 35729
2023-10-11T11:39:39.576+09:00  INFO 9900 --- [restartedMain] o.s.b.w.embedded.tomcat.TomcatWebServer  : Tomcat started on port(s): 8080 (http) with context path ''
2023-10-11T11:39:39.580+09:00  INFO 9900 --- [restartedMain] kr.ch12.Ch12Application                  : Started Ch12Application in 2.717 seconds (process running for 3.092)
2023-10-11T11:39:41.629+09:00  INFO 9900 --- [http-nio-8080-exec-3] o.a.c.c.C.[Tomcat].[localhost].[/]       : Initializing Spring DispatcherServlet 'dispatcherServlet'
2023-10-11T11:39:41.629+09:00  INFO 9900 --- [http-nio-8080-exec-3] o.s.web.servlet.DispatcherServlet        : Initializing Servlet 'dispatcherServlet'
2023-10-11T11:39:41.630+09:00  INFO 9900 --- [http-nio-8080-exec-3] o.s.web.servlet.DispatcherServlet        : Completed initialization in 1 ms
2023-10-11T11:39:41.634+09:00 DEBUG 9900 --- [http-nio-8080-exec-3] o.s.security.web.FilterChainProxy        : Securing GET /
2023-10-11T11:39:41.642+09:00 DEBUG 9900 --- [http-nio-8080-exec-3] o.s.security.web.FilterChainProxy        : Secured GET /
2023-10-11T11:39:41.759+09:00 DEBUG 9900 --- [http-nio-8080-exec-3] o.s.s.w.a.AnonymousAuthenticationFilter  : Set SecurityContextHolder to anonymous SecurityContext
2023-10-11T11:39:41.775+09:00 DEBUG 9900 --- [http-nio-8080-exec-1] o.s.security.web.FilterChainProxy        : Securing GET /favicon.ico
2023-10-11T11:39:41.779+09:00 DEBUG 9900 --- [http-nio-8080-exec-1] o.s.security.web.FilterChainProxy        : Secured GET /favicon.ico
2023-10-11T11:39:41.780+09:00 DEBUG 9900 --- [http-nio-8080-exec-1] o.s.s.w.a.AnonymousAuthenticationFilter  : Set SecurityContextHolder to anonymous SecurityContext
2023-10-11T11:39:41.782+09:00 DEBUG 9900 --- [http-nio-8080-exec-1] o.s.security.web.FilterChainProxy        : Securing GET /error
2023-10-11T11:39:41.784+09:00 DEBUG 9900 --- [http-nio-8080-exec-1] o.s.security.web.FilterChainProxy        : Secured GET /error
2023-10-11T11:39:41.814+09:00 DEBUG 9900 --- [http-nio-8080-exec-1] o.s.s.w.a.AnonymousAuthenticationFilter  : Set SecurityContextHolder to anonymous SecurityContext
2023-10-11T11:39:42.895+09:00 DEBUG 9900 --- [http-nio-8080-exec-2] o.s.security.web.FilterChainProxy        : Securing GET /user/login
2023-10-11T11:39:42.896+09:00 DEBUG 9900 --- [http-nio-8080-exec-2] o.s.security.web.FilterChainProxy        : Secured GET /user/login
2023-10-11T11:39:42.900+09:00 DEBUG 9900 --- [http-nio-8080-exec-2] o.s.s.w.a.AnonymousAuthenticationFilter  : Set SecurityContextHolder to anonymous SecurityContext
2023-10-11T11:39:44.601+09:00 DEBUG 9900 --- [http-nio-8080-exec-4] o.s.security.web.FilterChainProxy        : Securing GET /oauth2/authorization/kakao
2023-10-11T11:39:44.635+09:00 DEBUG 9900 --- [http-nio-8080-exec-4] o.s.s.web.DefaultRedirectStrategy        : Redirecting to https://kauth.kakao.com/oauth/authorize?response_type=code&client_id=d0c2ef1a55e0e85e5c4daefb863c4b1c&scope=profile_nickname%20account_email&state=q6XUgeBCleJyhIdA7Pc5an3v7Ht-nHlbET26MQ-89K0%3D&redirect_uri=http://localhost:8080/login/oauth2/code/kakao
2023-10-11T11:39:48.874+09:00 DEBUG 9900 --- [http-nio-8080-exec-5] o.s.security.web.FilterChainProxy        : Securing GET /
2023-10-11T11:39:48.874+09:00 DEBUG 9900 --- [http-nio-8080-exec-5] o.s.security.web.FilterChainProxy        : Secured GET /
2023-10-11T11:39:48.877+09:00 DEBUG 9900 --- [http-nio-8080-exec-5] o.s.s.w.a.AnonymousAuthenticationFilter  : Set SecurityContextHolder to anonymous SecurityContext
2023-10-11T11:39:50.672+09:00 DEBUG 9900 --- [http-nio-8080-exec-6] o.s.security.web.FilterChainProxy        : Securing GET /user/login
2023-10-11T11:39:50.674+09:00 DEBUG 9900 --- [http-nio-8080-exec-6] o.s.security.web.FilterChainProxy        : Secured GET /user/login
2023-10-11T11:39:50.678+09:00 DEBUG 9900 --- [http-nio-8080-exec-6] o.s.s.w.a.AnonymousAuthenticationFilter  : Set SecurityContextHolder to anonymous SecurityContext
2023-10-11T11:39:52.904+09:00 DEBUG 9900 --- [http-nio-8080-exec-7] o.s.security.web.FilterChainProxy        : Securing GET /user/login?uid=&pass=
2023-10-11T11:39:52.906+09:00 DEBUG 9900 --- [http-nio-8080-exec-7] o.s.security.web.FilterChainProxy        : Secured GET /user/login?uid=&pass=
2023-10-11T11:39:52.915+09:00 DEBUG 9900 --- [http-nio-8080-exec-7] o.s.s.w.a.AnonymousAuthenticationFilter  : Set SecurityContextHolder to anonymous SecurityContext
2023-10-11T11:40:06.704+09:00 DEBUG 9900 --- [http-nio-8080-exec-8] o.s.security.web.FilterChainProxy        : Securing GET /oauth2/authorization/kakao
2023-10-11T11:40:06.705+09:00 DEBUG 9900 --- [http-nio-8080-exec-8] o.s.s.web.DefaultRedirectStrategy        : Redirecting to https://kauth.kakao.com/oauth/authorize?response_type=code&client_id=d0c2ef1a55e0e85e5c4daefb863c4b1c&scope=profile_nickname%20account_email&state=U6ztO83B7u7Xmjgp5hl4-3ncLWOJm-Gl1YO2GH6LMYU%3D&redirect_uri=http://localhost:8080/login/oauth2/code/kakao
2023-10-11T11:40:14.589+09:00 DEBUG 9900 --- [http-nio-8080-exec-9] o.s.security.web.FilterChainProxy        : Securing GET /user/login?uid=&pass=
2023-10-11T11:40:14.590+09:00 DEBUG 9900 --- [http-nio-8080-exec-9] o.s.security.web.FilterChainProxy        : Secured GET /user/login?uid=&pass=
2023-10-11T11:40:14.594+09:00 DEBUG 9900 --- [http-nio-8080-exec-9] o.s.s.w.a.AnonymousAuthenticationFilter  : Set SecurityContextHolder to anonymous SecurityContext
2023-10-11T11:40:15.930+09:00 DEBUG 9900 --- [http-nio-8080-exec-10] o.s.security.web.FilterChainProxy        : Securing GET /user/login?uid=&pass=
2023-10-11T11:40:15.931+09:00 DEBUG 9900 --- [http-nio-8080-exec-10] o.s.security.web.FilterChainProxy        : Secured GET /user/login?uid=&pass=
2023-10-11T11:40:15.935+09:00 DEBUG 9900 --- [http-nio-8080-exec-10] o.s.s.w.a.AnonymousAuthenticationFilter  : Set SecurityContextHolder to anonymous SecurityContext
2023-10-11T11:40:18.251+09:00 DEBUG 9900 --- [http-nio-8080-exec-3] o.s.security.web.FilterChainProxy        : Securing GET /
2023-10-11T11:40:18.253+09:00 DEBUG 9900 --- [http-nio-8080-exec-3] o.s.security.web.FilterChainProxy        : Secured GET /
2023-10-11T11:40:18.257+09:00 DEBUG 9900 --- [http-nio-8080-exec-3] o.s.s.w.a.AnonymousAuthenticationFilter  : Set SecurityContextHolder to anonymous SecurityContext
2023-10-11T11:40:19.988+09:00 DEBUG 9900 --- [http-nio-8080-exec-1] o.s.security.web.FilterChainProxy        : Securing GET /user/login
2023-10-11T11:40:19.989+09:00 DEBUG 9900 --- [http-nio-8080-exec-1] o.s.security.web.FilterChainProxy        : Secured GET /user/login
2023-10-11T11:40:19.994+09:00 DEBUG 9900 --- [http-nio-8080-exec-1] o.s.s.w.a.AnonymousAuthenticationFilter  : Set SecurityContextHolder to anonymous SecurityContext
2023-10-11T11:45:23.715+09:00  INFO 9900 --- [RMI TCP Connection(15)-127.0.0.1] inMXBeanRegistrar$SpringApplicationAdmin : Application shutdown requested.
2023-10-11T11:45:23.722+09:00  INFO 9900 --- [RMI TCP Connection(15)-127.0.0.1] o.apache.catalina.core.StandardService   : Stopping service [Tomcat]
2023-10-11T11:45:23.723+09:00  INFO 9900 --- [RMI TCP Connection(15)-127.0.0.1] o.a.c.c.C.[Tomcat].[localhost].[/]       : Destroying Spring FrameworkServlet 'dispatcherServlet'
2023-10-11T11:45:23.732+09:00  INFO 9900 --- [RMI TCP Connection(15)-127.0.0.1] j.LocalContainerEntityManagerFactoryBean : Closing JPA EntityManagerFactory for persistence unit 'default'
2023-10-11T11:45:23.734+09:00  INFO 9900 --- [RMI TCP Connection(15)-127.0.0.1] com.zaxxer.hikari.HikariDataSource       : HikariPool-1 - Shutdown initiated...
2023-10-11T11:45:23.740+09:00  INFO 9900 --- [RMI TCP Connection(15)-127.0.0.1] com.zaxxer.hikari.HikariDataSource       : HikariPool-1 - Shutdown completed.
