2023-10-06T15:39:24.989+09:00  INFO 18092 --- [restartedMain] kr.ch08.Ch08Application                  : Starting Ch08Application using Java 17.0.8.1 with PID 18092 (C:\Users\Java\Desktop\workspace\Spring\Ch08\target\classes started by Java in C:\Users\Java\Desktop\workspace\Spring\Ch08)
2023-10-06T15:39:24.992+09:00  INFO 18092 --- [restartedMain] kr.ch08.Ch08Application                  : No active profile set, falling back to 1 default profile: "default"
2023-10-06T15:39:25.017+09:00  INFO 18092 --- [restartedMain] .e.DevToolsPropertyDefaultsPostProcessor : Devtools property defaults active! Set 'spring.devtools.add-properties' to 'false' to disable
2023-10-06T15:39:25.017+09:00  INFO 18092 --- [restartedMain] .e.DevToolsPropertyDefaultsPostProcessor : For additional web related logging consider setting the 'logging.level.web' property to 'DEBUG'
2023-10-06T15:39:25.309+09:00  INFO 18092 --- [restartedMain] .s.d.r.c.RepositoryConfigurationDelegate : Bootstrapping Spring Data JPA repositories in DEFAULT mode.
2023-10-06T15:39:25.344+09:00  INFO 18092 --- [restartedMain] .s.d.r.c.RepositoryConfigurationDelegate : Finished Spring Data repository scanning in 30 ms. Found 5 JPA repository interfaces.
2023-10-06T15:39:25.620+09:00  INFO 18092 --- [restartedMain] o.s.b.w.embedded.tomcat.TomcatWebServer  : Tomcat initialized with port(s): 8080 (http)
2023-10-06T15:39:25.625+09:00  INFO 18092 --- [restartedMain] o.apache.catalina.core.StandardService   : Starting service [Tomcat]
2023-10-06T15:39:25.625+09:00  INFO 18092 --- [restartedMain] o.apache.catalina.core.StandardEngine    : Starting Servlet engine: [Apache Tomcat/10.1.13]
2023-10-06T15:39:25.662+09:00  INFO 18092 --- [restartedMain] o.a.c.c.C.[Tomcat].[localhost].[/Ch08]   : Initializing Spring embedded WebApplicationContext
2023-10-06T15:39:25.663+09:00  INFO 18092 --- [restartedMain] w.s.c.ServletWebServerApplicationContext : Root WebApplicationContext: initialization completed in 646 ms
2023-10-06T15:39:25.740+09:00  INFO 18092 --- [restartedMain] o.hibernate.jpa.internal.util.LogHelper  : HHH000204: Processing PersistenceUnitInfo [name: default]
2023-10-06T15:39:25.764+09:00  INFO 18092 --- [restartedMain] org.hibernate.Version                    : HHH000412: Hibernate ORM core version 6.2.9.Final
2023-10-06T15:39:25.766+09:00  INFO 18092 --- [restartedMain] org.hibernate.cfg.Environment            : HHH000406: Using bytecode reflection optimizer
2023-10-06T15:39:25.834+09:00  INFO 18092 --- [restartedMain] o.h.b.i.BytecodeProviderInitiator        : HHH000021: Bytecode provider name : bytebuddy
2023-10-06T15:39:25.900+09:00  INFO 18092 --- [restartedMain] o.s.o.j.p.SpringPersistenceUnitInfo      : No LoadTimeWeaver setup: ignoring JPA class transformer
2023-10-06T15:39:25.913+09:00  INFO 18092 --- [restartedMain] com.zaxxer.hikari.HikariDataSource       : HikariPool-1 - Starting...
2023-10-06T15:39:26.165+09:00  INFO 18092 --- [restartedMain] com.zaxxer.hikari.pool.HikariPool        : HikariPool-1 - Added connection com.mysql.cj.jdbc.ConnectionImpl@1e60c944
2023-10-06T15:39:26.166+09:00  INFO 18092 --- [restartedMain] com.zaxxer.hikari.HikariDataSource       : HikariPool-1 - Start completed.
2023-10-06T15:39:26.204+09:00  WARN 18092 --- [restartedMain] org.hibernate.orm.deprecation            : HHH90000026: MySQL57Dialect has been deprecated; use org.hibernate.dialect.MySQLDialect instead
2023-10-06T15:39:26.322+09:00  INFO 18092 --- [restartedMain] o.h.b.i.BytecodeProviderInitiator        : HHH000021: Bytecode provider name : bytebuddy
2023-10-06T15:39:26.678+09:00  INFO 18092 --- [restartedMain] o.h.e.t.j.p.i.JtaPlatformInitiator       : HHH000490: Using JtaPlatform implementation: [org.hibernate.engine.transaction.jta.platform.internal.NoJtaPlatform]
2023-10-06T15:39:26.959+09:00  INFO 18092 --- [restartedMain] j.LocalContainerEntityManagerFactoryBean : Initialized JPA EntityManagerFactory for persistence unit 'default'
2023-10-06T15:39:27.140+09:00  INFO 18092 --- [restartedMain] o.s.d.j.r.query.QueryEnhancerFactory     : Hibernate is in classpath; If applicable, HQL parser will be used.
2023-10-06T15:39:27.330+09:00  WARN 18092 --- [restartedMain] JpaBaseConfiguration$JpaWebConfiguration : spring.jpa.open-in-view is enabled by default. Therefore, database queries may be performed during view rendering. Explicitly configure spring.jpa.open-in-view to disable this warning
2023-10-06T15:39:27.407+09:00  INFO 18092 --- [restartedMain] o.s.b.a.w.s.WelcomePageHandlerMapping    : Adding welcome page template: index
2023-10-06T15:39:27.546+09:00  INFO 18092 --- [restartedMain] o.s.b.d.a.OptionalLiveReloadServer       : LiveReload server is running on port 35729
2023-10-06T15:39:27.556+09:00  WARN 18092 --- [restartedMain] ConfigServletWebServerApplicationContext : Exception encountered during context initialization - cancelling refresh attempt: org.springframework.context.ApplicationContextException: Failed to start bean 'webServerStartStop'
2023-10-06T15:39:27.557+09:00  INFO 18092 --- [restartedMain] j.LocalContainerEntityManagerFactoryBean : Closing JPA EntityManagerFactory for persistence unit 'default'
2023-10-06T15:39:27.559+09:00  INFO 18092 --- [restartedMain] com.zaxxer.hikari.HikariDataSource       : HikariPool-1 - Shutdown initiated...
2023-10-06T15:39:27.663+09:00  INFO 18092 --- [restartedMain] com.zaxxer.hikari.HikariDataSource       : HikariPool-1 - Shutdown completed.
2023-10-06T15:39:27.664+09:00  INFO 18092 --- [restartedMain] o.apache.catalina.core.StandardService   : Stopping service [Tomcat]
2023-10-06T15:39:27.671+09:00  INFO 18092 --- [restartedMain] .s.b.a.l.ConditionEvaluationReportLogger : 

Error starting ApplicationContext. To display the condition evaluation report re-run your application with 'debug' enabled.
2023-10-06T15:39:27.681+09:00 ERROR 18092 --- [restartedMain] o.s.b.d.LoggingFailureAnalysisReporter   : 

***************************
APPLICATION FAILED TO START
***************************

Description:

Web server failed to start. Port 8080 was already in use.

Action:

Identify and stop the process that's listening on port 8080 or configure this application to listen on another port.

2023-10-06T15:43:13.433+09:00  INFO 3156 --- [restartedMain] kr.ch08.Ch08Application                  : Starting Ch08Application using Java 17.0.8.1 with PID 3156 (C:\Users\Java\Desktop\workspace\Spring\Ch08\target\classes started by Java in C:\Users\Java\Desktop\workspace\Spring\Ch08)
2023-10-06T15:43:13.434+09:00  INFO 3156 --- [restartedMain] kr.ch08.Ch08Application                  : No active profile set, falling back to 1 default profile: "default"
2023-10-06T15:43:13.456+09:00  INFO 3156 --- [restartedMain] .e.DevToolsPropertyDefaultsPostProcessor : Devtools property defaults active! Set 'spring.devtools.add-properties' to 'false' to disable
2023-10-06T15:43:13.457+09:00  INFO 3156 --- [restartedMain] .e.DevToolsPropertyDefaultsPostProcessor : For additional web related logging consider setting the 'logging.level.web' property to 'DEBUG'
2023-10-06T15:43:13.745+09:00  INFO 3156 --- [restartedMain] .s.d.r.c.RepositoryConfigurationDelegate : Bootstrapping Spring Data JPA repositories in DEFAULT mode.
2023-10-06T15:43:13.778+09:00  INFO 3156 --- [restartedMain] .s.d.r.c.RepositoryConfigurationDelegate : Finished Spring Data repository scanning in 29 ms. Found 5 JPA repository interfaces.
2023-10-06T15:43:14.052+09:00  INFO 3156 --- [restartedMain] o.s.b.w.embedded.tomcat.TomcatWebServer  : Tomcat initialized with port(s): 8080 (http)
2023-10-06T15:43:14.057+09:00  INFO 3156 --- [restartedMain] o.apache.catalina.core.StandardService   : Starting service [Tomcat]
2023-10-06T15:43:14.057+09:00  INFO 3156 --- [restartedMain] o.apache.catalina.core.StandardEngine    : Starting Servlet engine: [Apache Tomcat/10.1.13]
2023-10-06T15:43:14.097+09:00  INFO 3156 --- [restartedMain] o.a.c.c.C.[Tomcat].[localhost].[/Ch08]   : Initializing Spring embedded WebApplicationContext
2023-10-06T15:43:14.097+09:00  INFO 3156 --- [restartedMain] w.s.c.ServletWebServerApplicationContext : Root WebApplicationContext: initialization completed in 640 ms
2023-10-06T15:43:14.183+09:00  INFO 3156 --- [restartedMain] o.hibernate.jpa.internal.util.LogHelper  : HHH000204: Processing PersistenceUnitInfo [name: default]
2023-10-06T15:43:14.208+09:00  INFO 3156 --- [restartedMain] org.hibernate.Version                    : HHH000412: Hibernate ORM core version 6.2.9.Final
2023-10-06T15:43:14.209+09:00  INFO 3156 --- [restartedMain] org.hibernate.cfg.Environment            : HHH000406: Using bytecode reflection optimizer
2023-10-06T15:43:14.281+09:00  INFO 3156 --- [restartedMain] o.h.b.i.BytecodeProviderInitiator        : HHH000021: Bytecode provider name : bytebuddy
2023-10-06T15:43:14.347+09:00  INFO 3156 --- [restartedMain] o.s.o.j.p.SpringPersistenceUnitInfo      : No LoadTimeWeaver setup: ignoring JPA class transformer
2023-10-06T15:43:14.360+09:00  INFO 3156 --- [restartedMain] com.zaxxer.hikari.HikariDataSource       : HikariPool-1 - Starting...
2023-10-06T15:43:14.608+09:00  INFO 3156 --- [restartedMain] com.zaxxer.hikari.pool.HikariPool        : HikariPool-1 - Added connection com.mysql.cj.jdbc.ConnectionImpl@66710e15
2023-10-06T15:43:14.610+09:00  INFO 3156 --- [restartedMain] com.zaxxer.hikari.HikariDataSource       : HikariPool-1 - Start completed.
2023-10-06T15:43:14.642+09:00  WARN 3156 --- [restartedMain] org.hibernate.orm.deprecation            : HHH90000026: MySQL57Dialect has been deprecated; use org.hibernate.dialect.MySQLDialect instead
2023-10-06T15:43:14.759+09:00  INFO 3156 --- [restartedMain] o.h.b.i.BytecodeProviderInitiator        : HHH000021: Bytecode provider name : bytebuddy
2023-10-06T15:43:15.115+09:00  INFO 3156 --- [restartedMain] o.h.e.t.j.p.i.JtaPlatformInitiator       : HHH000490: Using JtaPlatform implementation: [org.hibernate.engine.transaction.jta.platform.internal.NoJtaPlatform]
2023-10-06T15:43:15.307+09:00  INFO 3156 --- [restartedMain] j.LocalContainerEntityManagerFactoryBean : Initialized JPA EntityManagerFactory for persistence unit 'default'
2023-10-06T15:43:15.485+09:00  INFO 3156 --- [restartedMain] o.s.d.j.r.query.QueryEnhancerFactory     : Hibernate is in classpath; If applicable, HQL parser will be used.
2023-10-06T15:43:15.667+09:00  WARN 3156 --- [restartedMain] JpaBaseConfiguration$JpaWebConfiguration : spring.jpa.open-in-view is enabled by default. Therefore, database queries may be performed during view rendering. Explicitly configure spring.jpa.open-in-view to disable this warning
2023-10-06T15:43:15.735+09:00  INFO 3156 --- [restartedMain] o.s.b.a.w.s.WelcomePageHandlerMapping    : Adding welcome page template: index
2023-10-06T15:43:15.868+09:00  INFO 3156 --- [restartedMain] o.s.b.d.a.OptionalLiveReloadServer       : LiveReload server is running on port 35729
2023-10-06T15:43:15.887+09:00  INFO 3156 --- [restartedMain] o.s.b.w.embedded.tomcat.TomcatWebServer  : Tomcat started on port(s): 8080 (http) with context path '/Ch08'
2023-10-06T15:43:15.890+09:00  INFO 3156 --- [restartedMain] kr.ch08.Ch08Application                  : Started Ch08Application in 2.66 seconds (process running for 3.02)
2023-10-06T15:44:32.220+09:00  INFO 3156 --- [RMI TCP Connection(5)-127.0.0.1] inMXBeanRegistrar$SpringApplicationAdmin : Application shutdown requested.
2023-10-06T15:44:32.224+09:00  INFO 3156 --- [RMI TCP Connection(5)-127.0.0.1] o.apache.catalina.core.StandardService   : Stopping service [Tomcat]
2023-10-06T15:44:32.228+09:00  INFO 3156 --- [RMI TCP Connection(5)-127.0.0.1] j.LocalContainerEntityManagerFactoryBean : Closing JPA EntityManagerFactory for persistence unit 'default'
2023-10-06T15:44:32.229+09:00  INFO 3156 --- [RMI TCP Connection(5)-127.0.0.1] com.zaxxer.hikari.HikariDataSource       : HikariPool-1 - Shutdown initiated...
2023-10-06T15:44:32.333+09:00  INFO 3156 --- [RMI TCP Connection(5)-127.0.0.1] com.zaxxer.hikari.HikariDataSource       : HikariPool-1 - Shutdown completed.
