2023-10-10T09:44:33.503+09:00  INFO 15228 --- [main] kr.ch10.Ch10Application                  : Starting Ch10Application using Java 17.0.8.1 with PID 15228 (C:\Users\Java\Desktop\workspace\Spring\Ch10\target\classes started by Java in C:\Users\Java\Desktop\workspace\Spring\Ch10)
2023-10-10T09:44:33.507+09:00  INFO 15228 --- [main] kr.ch10.Ch10Application                  : No active profile set, falling back to 1 default profile: "default"
2023-10-10T09:44:33.816+09:00  INFO 15228 --- [main] .s.d.r.c.RepositoryConfigurationDelegate : Multiple Spring Data modules found, entering strict repository configuration mode
2023-10-10T09:44:33.816+09:00  INFO 15228 --- [main] .s.d.r.c.RepositoryConfigurationDelegate : Bootstrapping Spring Data JDBC repositories in DEFAULT mode.
2023-10-10T09:44:33.831+09:00  INFO 15228 --- [main] .RepositoryConfigurationExtensionSupport : Spring Data JDBC - Could not safely identify store assignment for repository candidate interface kr.ch10.Repository.User1Repository; If you want this repository to be a JDBC repository, consider annotating your entities with one of these annotations: org.springframework.data.relational.core.mapping.Table.
2023-10-10T09:44:33.832+09:00  INFO 15228 --- [main] .RepositoryConfigurationExtensionSupport : Spring Data JDBC - Could not safely identify store assignment for repository candidate interface kr.ch10.Repository.User2Repository; If you want this repository to be a JDBC repository, consider annotating your entities with one of these annotations: org.springframework.data.relational.core.mapping.Table.
2023-10-10T09:44:33.833+09:00  INFO 15228 --- [main] .RepositoryConfigurationExtensionSupport : Spring Data JDBC - Could not safely identify store assignment for repository candidate interface kr.ch10.Repository.User3Repository; If you want this repository to be a JDBC repository, consider annotating your entities with one of these annotations: org.springframework.data.relational.core.mapping.Table.
2023-10-10T09:44:33.834+09:00  INFO 15228 --- [main] .s.d.r.c.RepositoryConfigurationDelegate : Finished Spring Data repository scanning in 12 ms. Found 0 JDBC repository interfaces.
2023-10-10T09:44:33.841+09:00  INFO 15228 --- [main] .s.d.r.c.RepositoryConfigurationDelegate : Multiple Spring Data modules found, entering strict repository configuration mode
2023-10-10T09:44:33.842+09:00  INFO 15228 --- [main] .s.d.r.c.RepositoryConfigurationDelegate : Bootstrapping Spring Data JPA repositories in DEFAULT mode.
2023-10-10T09:44:33.858+09:00  INFO 15228 --- [main] .s.d.r.c.RepositoryConfigurationDelegate : Finished Spring Data repository scanning in 14 ms. Found 3 JPA repository interfaces.
2023-10-10T09:44:34.114+09:00  INFO 15228 --- [main] o.s.b.w.embedded.tomcat.TomcatWebServer  : Tomcat initialized with port(s): 8080 (http)
2023-10-10T09:44:34.120+09:00  INFO 15228 --- [main] o.apache.catalina.core.StandardService   : Starting service [Tomcat]
2023-10-10T09:44:34.120+09:00  INFO 15228 --- [main] o.apache.catalina.core.StandardEngine    : Starting Servlet engine: [Apache Tomcat/10.1.13]
2023-10-10T09:44:34.182+09:00  INFO 15228 --- [main] o.a.c.c.C.[Tomcat].[localhost].[/Ch10]   : Initializing Spring embedded WebApplicationContext
2023-10-10T09:44:34.182+09:00  INFO 15228 --- [main] w.s.c.ServletWebServerApplicationContext : Root WebApplicationContext: initialization completed in 647 ms
2023-10-10T09:44:34.278+09:00  INFO 15228 --- [main] o.hibernate.jpa.internal.util.LogHelper  : HHH000204: Processing PersistenceUnitInfo [name: default]
2023-10-10T09:44:34.303+09:00  INFO 15228 --- [main] org.hibernate.Version                    : HHH000412: Hibernate ORM core version 6.2.9.Final
2023-10-10T09:44:34.304+09:00  INFO 15228 --- [main] org.hibernate.cfg.Environment            : HHH000406: Using bytecode reflection optimizer
2023-10-10T09:44:34.373+09:00  INFO 15228 --- [main] o.h.b.i.BytecodeProviderInitiator        : HHH000021: Bytecode provider name : bytebuddy
2023-10-10T09:44:34.446+09:00  INFO 15228 --- [main] o.s.o.j.p.SpringPersistenceUnitInfo      : No LoadTimeWeaver setup: ignoring JPA class transformer
2023-10-10T09:44:34.456+09:00  INFO 15228 --- [main] com.zaxxer.hikari.HikariDataSource       : HikariPool-1 - Starting...
2023-10-10T09:44:34.621+09:00  INFO 15228 --- [main] com.zaxxer.hikari.pool.HikariPool        : HikariPool-1 - Added connection oracle.jdbc.driver.T4CConnection@6182ffef
2023-10-10T09:44:34.622+09:00  INFO 15228 --- [main] com.zaxxer.hikari.HikariDataSource       : HikariPool-1 - Start completed.
2023-10-10T09:44:34.634+09:00  WARN 15228 --- [main] org.hibernate.orm.deprecation            : HHH90000026: Oracle12cDialect has been deprecated; use org.hibernate.dialect.OracleDialect instead
2023-10-10T09:44:34.786+09:00  INFO 15228 --- [main] o.h.b.i.BytecodeProviderInitiator        : HHH000021: Bytecode provider name : bytebuddy
2023-10-10T09:44:35.129+09:00  INFO 15228 --- [main] o.h.e.t.j.p.i.JtaPlatformInitiator       : HHH000490: Using JtaPlatform implementation: [org.hibernate.engine.transaction.jta.platform.internal.NoJtaPlatform]
2023-10-10T09:44:35.327+09:00  INFO 15228 --- [main] j.LocalContainerEntityManagerFactoryBean : Initialized JPA EntityManagerFactory for persistence unit 'default'
2023-10-10T09:44:35.565+09:00  WARN 15228 --- [main] JpaBaseConfiguration$JpaWebConfiguration : spring.jpa.open-in-view is enabled by default. Therefore, database queries may be performed during view rendering. Explicitly configure spring.jpa.open-in-view to disable this warning
2023-10-10T09:44:35.637+09:00  INFO 15228 --- [main] o.s.b.a.w.s.WelcomePageHandlerMapping    : Adding welcome page template: index
2023-10-10T09:44:35.784+09:00  INFO 15228 --- [main] o.s.b.w.embedded.tomcat.TomcatWebServer  : Tomcat started on port(s): 8080 (http) with context path '/Ch10'
2023-10-10T09:44:35.789+09:00  INFO 15228 --- [main] kr.ch10.Ch10Application                  : Started Ch10Application in 2.492 seconds (process running for 2.835)
2023-10-10T11:45:56.420+09:00  INFO 15228 --- [RMI TCP Connection(125)-127.0.0.1] inMXBeanRegistrar$SpringApplicationAdmin : Application shutdown requested.
2023-10-10T11:45:56.428+09:00  INFO 15228 --- [RMI TCP Connection(125)-127.0.0.1] o.apache.catalina.core.StandardService   : Stopping service [Tomcat]
2023-10-10T11:45:56.434+09:00  INFO 15228 --- [RMI TCP Connection(125)-127.0.0.1] j.LocalContainerEntityManagerFactoryBean : Closing JPA EntityManagerFactory for persistence unit 'default'
2023-10-10T11:45:56.436+09:00  INFO 15228 --- [RMI TCP Connection(125)-127.0.0.1] com.zaxxer.hikari.HikariDataSource       : HikariPool-1 - Shutdown initiated...
2023-10-10T11:45:56.449+09:00  INFO 15228 --- [RMI TCP Connection(125)-127.0.0.1] com.zaxxer.hikari.HikariDataSource       : HikariPool-1 - Shutdown completed.
